Using pre-set license
Built from '2020.3/staging' branch; Version is '2020.3.20f1 (41c4e627c95f) revision 4310246'; Using compiler version '192528614'; Build Type 'Release'
OS: 'Windows 10 Home; OS build 19042.1466; Version 2009; 64bit' Language: 'en' Physical Memory: 16262 MB
BatchMode: 1, IsHumanControllingUs: 0, StartBugReporterOnCrash: 0, Is64bit: 1, IsPro: 0

COMMAND LINE ARGUMENTS:
D:\DAE Software\Unity\Unity Editors path\2020.3.20f1\Editor\Unity.exe
-adb2
-batchMode
-noUpm
-name
AssetImportWorker0
-projectPath
D:/DAE Storage/2DAE Storage S1/Game Art 2.0/Sky City/UnityScene/Sky-City
-logFile
Logs/AssetImportWorker0.log
-srvPort
51039
Successfully changed project path to: D:/DAE Storage/2DAE Storage S1/Game Art 2.0/Sky City/UnityScene/Sky-City
D:/DAE Storage/2DAE Storage S1/Game Art 2.0/Sky City/UnityScene/Sky-City
Using Asset Import Pipeline V2.
Refreshing native plugins compatible for Editor in 90.29 ms, found 2 plugins.
Preloading 0 native plugins for Editor in 0.00 ms.
Initialize engine version: 2020.3.20f1 (41c4e627c95f)
[Subsystems] Discovering subsystems at path D:/DAE Software/Unity/Unity Editors path/2020.3.20f1/Editor/Data/Resources/UnitySubsystems
[Subsystems] Discovering subsystems at path D:/DAE Storage/2DAE Storage S1/Game Art 2.0/Sky City/UnityScene/Sky-City/Assets
GfxDevice: creating device client; threaded=0
Direct3D:
    Version:  Direct3D 11.0 [level 11.1]
    Renderer: NVIDIA GeForce RTX 2060 (ID=0x1f11)
    Vendor:   
    VRAM:     5980 MB
    Driver:   30.0.14.9649
Initialize mono
Mono path[0] = 'D:/DAE Software/Unity/Unity Editors path/2020.3.20f1/Editor/Data/Managed'
Mono path[1] = 'D:/DAE Software/Unity/Unity Editors path/2020.3.20f1/Editor/Data/MonoBleedingEdge/lib/mono/unityjit'
Mono config path = 'D:/DAE Software/Unity/Unity Editors path/2020.3.20f1/Editor/Data/MonoBleedingEdge/etc'
Using monoOptions --debugger-agent=transport=dt_socket,embedding=1,server=y,suspend=n,address=127.0.0.1:56276
Begin MonoManager ReloadAssembly
Registering precompiled unity dll's ...
Register platform support module: D:/DAE Software/Unity/Unity Editors path/2020.3.20f1/Editor/Data/PlaybackEngines/WindowsStandaloneSupport/UnityEditor.WindowsStandalone.Extensions.dll
Registered in 0.001185 seconds.
Native extension for WindowsStandalone target not found
Refreshing native plugins compatible for Editor in 85.13 ms, found 2 plugins.
Preloading 0 native plugins for Editor in 0.00 ms.
Mono: successfully reloaded assembly
- Completed reload, in  0.917 seconds
Domain Reload Profiling:
	ReloadAssembly (918ms)
		BeginReloadAssembly (59ms)
			ExecutionOrderSort (0ms)
			DisableScriptedObjects (0ms)
			BackupInstance (0ms)
			ReleaseScriptingObjects (0ms)
			CreateAndSetChildDomain (1ms)
		EndReloadAssembly (443ms)
			LoadAssemblies (58ms)
			RebuildTransferFunctionScriptingTraits (0ms)
			SetupTypeCache (149ms)
			ReleaseScriptCaches (0ms)
			RebuildScriptCaches (28ms)
			SetupLoadedEditorAssemblies (203ms)
				LogAssemblyErrors (0ms)
				InitializePlatformSupportModulesInManaged (4ms)
				SetLoadedEditorAssemblies (0ms)
				RefreshPlugins (85ms)
				BeforeProcessingInitializeOnLoad (17ms)
				ProcessInitializeOnLoadAttributes (72ms)
				ProcessInitializeOnLoadMethodAttributes (25ms)
				AfterProcessingInitializeOnLoad (0ms)
				EditorAssembliesLoaded (0ms)
			ExecutionOrderSort2 (0ms)
			AwakeInstancesAfterBackupRestoration (0ms)
Platform modules already initialized, skipping
Registering precompiled user dll's ...
Registered in 0.003045 seconds.
Begin MonoManager ReloadAssembly
Native extension for WindowsStandalone target not found
Refreshing native plugins compatible for Editor in 101.72 ms, found 2 plugins.
Preloading 0 native plugins for Editor in 0.00 ms.
Mono: successfully reloaded assembly
- Completed reload, in  1.664 seconds
Domain Reload Profiling:
	ReloadAssembly (1665ms)
		BeginReloadAssembly (143ms)
			ExecutionOrderSort (0ms)
			DisableScriptedObjects (5ms)
			BackupInstance (0ms)
			ReleaseScriptingObjects (0ms)
			CreateAndSetChildDomain (18ms)
		EndReloadAssembly (1466ms)
			LoadAssemblies (95ms)
			RebuildTransferFunctionScriptingTraits (0ms)
			SetupTypeCache (433ms)
			ReleaseScriptCaches (1ms)
			RebuildScriptCaches (96ms)
			SetupLoadedEditorAssemblies (701ms)
				LogAssemblyErrors (0ms)
				InitializePlatformSupportModulesInManaged (4ms)
				SetLoadedEditorAssemblies (0ms)
				RefreshPlugins (102ms)
				BeforeProcessingInitializeOnLoad (113ms)
				ProcessInitializeOnLoadAttributes (325ms)
				ProcessInitializeOnLoadMethodAttributes (154ms)
				AfterProcessingInitializeOnLoad (3ms)
				EditorAssembliesLoaded (0ms)
			ExecutionOrderSort2 (0ms)
			AwakeInstancesAfterBackupRestoration (6ms)
Platform modules already initialized, skipping
========================================================================
Worker process is ready to serve import requests
Launched and connected shader compiler UnityShaderCompiler.exe after 0.05 seconds
Refreshing native plugins compatible for Editor in 0.69 ms, found 2 plugins.
Preloading 0 native plugins for Editor in 0.00 ms.
Unloading 4088 Unused Serialized files (Serialized files now loaded: 0)
System memory in use before: 229.9 MB.
System memory in use after: 230.0 MB.

Unloading 21 unused Assets to reduce memory usage. Loaded Objects now: 4558.
Total: 3.863100 ms (FindLiveObjects: 0.325300 ms CreateObjectMapping: 0.144700 ms MarkObjects: 3.319600 ms  DeleteObjects: 0.072800 ms)

AssetImportParameters requested are different than current active one (requested -> active):
  custom:framework-win-MediaFoundation: 216162199b28c13a410421893ffa2e32 -> 
  custom:video-decoder-ogg-theora: a1e56fd34408186e4bbccfd4996cb3dc -> 
  custom:container-muxer-webm: aa71ff27fc2769a1b78a27578f13a17b -> 
  custom:container-demuxer-webm: 4f35f7cbe854078d1ac9338744f61a02 -> 
  custom:container-demuxer-ogg: 62fdf1f143b41e24485cea50d1cbac27 -> 
  custom:video-encoder-webm-vp8: eb34c28f22e8b96e1ab97ce403110664 -> 
  custom:video-codec-MediaFoundation-h265: 746d11721c4dcdbdad8f713fa42b33f4 -> 
  custom:video-decoder-webm-vp8: 9c59270c3fd7afecdb556c50c9e8de78 -> 
  custom:audio-decoder-ogg-vorbis: bf7c407c2cedff20999df2af8eb42d56 -> 
  custom:audio-encoder-webm-vorbis: bf7c407c2cedff20999df2af8eb42d56 -> 
========================================================================
Received Import Request.
  path: Assets/New Terrain.asset
  artifactKey: Guid(5c26ee12e49545c4e8db178a037cd97c) Importer(815301076,1909f56bfc062723c751e8b465ee728b)
Start importing Assets/New Terrain.asset using Guid(5c26ee12e49545c4e8db178a037cd97c) Importer(815301076,1909f56bfc062723c751e8b465ee728b)  -> (artifact id: '26eb0c52454a4f6967331602562e69e1') in 0.115949 seconds 
  Import took 0.129061 seconds .

========================================================================
Received Prepare
Registering precompiled user dll's ...
Registered in 0.003754 seconds.
Begin MonoManager ReloadAssembly
Native extension for WindowsStandalone target not found
Refreshing native plugins compatible for Editor in 0.89 ms, found 2 plugins.
Preloading 0 native plugins for Editor in 0.00 ms.
Mono: successfully reloaded assembly
- Completed reload, in  1.610 seconds
Domain Reload Profiling:
	ReloadAssembly (1611ms)
		BeginReloadAssembly (156ms)
			ExecutionOrderSort (0ms)
			DisableScriptedObjects (12ms)
			BackupInstance (0ms)
			ReleaseScriptingObjects (0ms)
			CreateAndSetChildDomain (47ms)
		EndReloadAssembly (1382ms)
			LoadAssemblies (153ms)
			RebuildTransferFunctionScriptingTraits (0ms)
			SetupTypeCache (553ms)
			ReleaseScriptCaches (2ms)
			RebuildScriptCaches (80ms)
			SetupLoadedEditorAssemblies (401ms)
				LogAssemblyErrors (0ms)
				InitializePlatformSupportModulesInManaged (4ms)
				SetLoadedEditorAssemblies (0ms)
				RefreshPlugins (1ms)
				BeforeProcessingInitializeOnLoad (95ms)
				ProcessInitializeOnLoadAttributes (287ms)
				ProcessInitializeOnLoadMethodAttributes (12ms)
				AfterProcessingInitializeOnLoad (2ms)
				EditorAssembliesLoaded (0ms)
			ExecutionOrderSort2 (0ms)
			AwakeInstancesAfterBackupRestoration (8ms)
Platform modules already initialized, skipping
Refreshing native plugins compatible for Editor in 1.40 ms, found 2 plugins.
Preloading 0 native plugins for Editor in 0.00 ms.
Unloading 3808 Unused Serialized files (Serialized files now loaded: 0)
System memory in use before: 218.0 MB.
System memory in use after: 218.3 MB.

Unloading 19 unused Assets to reduce memory usage. Loaded Objects now: 4578.
Total: 5.332800 ms (FindLiveObjects: 0.343600 ms CreateObjectMapping: 0.222800 ms MarkObjects: 4.727800 ms  DeleteObjects: 0.036900 ms)

AssetImportParameters requested are different than current active one (requested -> active):
  custom:framework-win-MediaFoundation: 216162199b28c13a410421893ffa2e32 -> 
  custom:video-decoder-ogg-theora: a1e56fd34408186e4bbccfd4996cb3dc -> 
  custom:container-muxer-webm: aa71ff27fc2769a1b78a27578f13a17b -> 
  custom:container-demuxer-webm: 4f35f7cbe854078d1ac9338744f61a02 -> 
  custom:container-demuxer-ogg: 62fdf1f143b41e24485cea50d1cbac27 -> 
  custom:video-encoder-webm-vp8: eb34c28f22e8b96e1ab97ce403110664 -> 
  custom:video-codec-MediaFoundation-h265: 746d11721c4dcdbdad8f713fa42b33f4 -> 
  custom:video-decoder-webm-vp8: 9c59270c3fd7afecdb556c50c9e8de78 -> 
  custom:audio-decoder-ogg-vorbis: bf7c407c2cedff20999df2af8eb42d56 -> 
  custom:audio-encoder-webm-vorbis: bf7c407c2cedff20999df2af8eb42d56 -> 
========================================================================
Received Import Request.
  Time since last request: 606.912353 seconds.
  path: Assets/SkyCIty_Textures/Tree/Bush_Dark.psd
  artifactKey: Guid(8fc06f53f023130448068a1efe2b42a3) Importer(815301076,1909f56bfc062723c751e8b465ee728b)
Start importing Assets/SkyCIty_Textures/Tree/Bush_Dark.psd using Guid(8fc06f53f023130448068a1efe2b42a3) Importer(815301076,1909f56bfc062723c751e8b465ee728b)  -> (artifact id: '19ad433f24ae8968d745634e791e3975') in 0.072543 seconds 
  Import took 0.141197 seconds .

========================================================================
Received Import Request.
  Time since last request: 71.991851 seconds.
  path: Assets/SkyCIty_Textures/Tree/Materials/Bush_Dark.mat
  artifactKey: Guid(ab671defbbfd4cf4fa7c90aff980eb8a) Importer(815301076,1909f56bfc062723c751e8b465ee728b)
Start importing Assets/SkyCIty_Textures/Tree/Materials/Bush_Dark.mat using Guid(ab671defbbfd4cf4fa7c90aff980eb8a) Importer(815301076,1909f56bfc062723c751e8b465ee728b)  -> (artifact id: '9795ec5532174c777571f0a552694253') in 0.662339 seconds 
  Import took 1.023604 seconds .

========================================================================
Received Import Request.
  Time since last request: 138.279196 seconds.
  path: Assets/SkyCIty_Textures/Tree/Bush_Light.png
  artifactKey: Guid(5981799da1083e04db1eb0ef13e0f950) Importer(815301076,1909f56bfc062723c751e8b465ee728b)
Start importing Assets/SkyCIty_Textures/Tree/Bush_Light.png using Guid(5981799da1083e04db1eb0ef13e0f950) Importer(815301076,1909f56bfc062723c751e8b465ee728b)  -> (artifact id: '1a14d1b5b579bd00b6b2c7314c96c5b2') in 0.047990 seconds 
  Import took 0.087825 seconds .

========================================================================
Received Import Request.
  Time since last request: 22.033140 seconds.
  path: Assets/SkyCIty_Textures/Tree/Bush_Dark.png
  artifactKey: Guid(d8109f9d17d267a4da1e695fa32fd263) Importer(815301076,1909f56bfc062723c751e8b465ee728b)
Start importing Assets/SkyCIty_Textures/Tree/Bush_Dark.png using Guid(d8109f9d17d267a4da1e695fa32fd263) Importer(815301076,1909f56bfc062723c751e8b465ee728b)  -> (artifact id: '9172fe9e171f9d71a9cfe9bafcb7ee6d') in 0.012595 seconds 
  Import took 0.039263 seconds .

========================================================================
Received Import Request.
  Time since last request: 7.832414 seconds.
  path: Assets/SkyCIty_Textures/Tree/Materials/Bush_Dark 1.mat
  artifactKey: Guid(dadef4561fa23594188db5501b467270) Importer(815301076,1909f56bfc062723c751e8b465ee728b)
Start importing Assets/SkyCIty_Textures/Tree/Materials/Bush_Dark 1.mat using Guid(dadef4561fa23594188db5501b467270) Importer(815301076,1909f56bfc062723c751e8b465ee728b)  -> (artifact id: '1944b8911019328d22c04f971d8ff0e4') in 0.023092 seconds 
  Import took 0.081402 seconds .

========================================================================
Received Import Request.
  Time since last request: 0.000330 seconds.
  path: Assets/SkyCIty_Textures/Tree/Materials/Bush_Dark 2.mat
  artifactKey: Guid(361046ca3d6c95b47a28bc592139ca52) Importer(815301076,1909f56bfc062723c751e8b465ee728b)
Start importing Assets/SkyCIty_Textures/Tree/Materials/Bush_Dark 2.mat using Guid(361046ca3d6c95b47a28bc592139ca52) Importer(815301076,1909f56bfc062723c751e8b465ee728b)  -> (artifact id: '6ee040ba628d0097e3ba1c7b298b60af') in 0.024440 seconds 
  Import took 0.200052 seconds .

========================================================================
Received Import Request.
  Time since last request: 0.000314 seconds.
  path: Assets/SkyCIty_Textures/Tree/Materials/Bush_Dark.mat
  artifactKey: Guid(ab671defbbfd4cf4fa7c90aff980eb8a) Importer(815301076,1909f56bfc062723c751e8b465ee728b)
Start importing Assets/SkyCIty_Textures/Tree/Materials/Bush_Dark.mat using Guid(ab671defbbfd4cf4fa7c90aff980eb8a) Importer(815301076,1909f56bfc062723c751e8b465ee728b)  -> (artifact id: '48999adaefe235acd3236f05ed85b9e3') in 0.037840 seconds 
  Import took 0.371057 seconds .

========================================================================
Received Import Request.
  Time since last request: 39.784674 seconds.
  path: Assets/Prefabs/Bush.prefab
  artifactKey: Guid(192539a810244914687bb346c2364373) Importer(815301076,1909f56bfc062723c751e8b465ee728b)
Start importing Assets/Prefabs/Bush.prefab using Guid(192539a810244914687bb346c2364373) Importer(815301076,1909f56bfc062723c751e8b465ee728b)  -> (artifact id: 'bcfebe403b98c52dbe878415a3390f4a') in 0.046593 seconds 
  Import took 0.064573 seconds .

========================================================================
Received Import Request.
  Time since last request: 60.009216 seconds.
  path: Assets/Prefabs/Bush Variant.prefab
  artifactKey: Guid(46fec0831351a7340a03dc6c008c5cce) Importer(815301076,1909f56bfc062723c751e8b465ee728b)
Start importing Assets/Prefabs/Bush Variant.prefab using Guid(46fec0831351a7340a03dc6c008c5cce) Importer(815301076,1909f56bfc062723c751e8b465ee728b)  -> (artifact id: '50e9e312cc2eeb33b6e114c64219a725') in 0.041829 seconds 
  Import took 0.062647 seconds .

========================================================================
Received Import Request.
  Time since last request: 19.946456 seconds.
  path: Assets/SkyCIty_Textures/Tree/Materials/Bush_Dark 2.mat
  artifactKey: Guid(361046ca3d6c95b47a28bc592139ca52) Importer(815301076,1909f56bfc062723c751e8b465ee728b)
Start importing Assets/SkyCIty_Textures/Tree/Materials/Bush_Dark 2.mat using Guid(361046ca3d6c95b47a28bc592139ca52) Importer(815301076,1909f56bfc062723c751e8b465ee728b)  -> (artifact id: 'f843e1f0a8e4c755ab9ff6ff32630baf') in 0.023094 seconds 
  Import took 0.097513 seconds .

========================================================================
Received Import Request.
  Time since last request: 0.000347 seconds.
  path: Assets/SkyCIty_Textures/Tree/Materials/Bush_Light 1.mat
  artifactKey: Guid(3761a4127310bb143b0d06a32f3a8705) Importer(815301076,1909f56bfc062723c751e8b465ee728b)
Start importing Assets/SkyCIty_Textures/Tree/Materials/Bush_Light 1.mat using Guid(3761a4127310bb143b0d06a32f3a8705) Importer(815301076,1909f56bfc062723c751e8b465ee728b)  -> (artifact id: 'f39e732948f2ab98b166447b09a8e4ae') in 0.028495 seconds 
  Import took 0.036014 seconds .

========================================================================
Received Import Request.
  Time since last request: 0.000360 seconds.
  path: Assets/SkyCIty_Textures/Tree/Materials/Bush_Light.mat
  artifactKey: Guid(d7acbab6619da374ba67015a84e18b98) Importer(815301076,1909f56bfc062723c751e8b465ee728b)
Start importing Assets/SkyCIty_Textures/Tree/Materials/Bush_Light.mat using Guid(d7acbab6619da374ba67015a84e18b98) Importer(815301076,1909f56bfc062723c751e8b465ee728b)  -> (artifact id: '9de38d166ff8fe31210234a0a492dcad') in 0.032606 seconds 
  Import took 0.041158 seconds .

========================================================================
Received Import Request.
  Time since last request: 205.016817 seconds.
  path: Assets/SkyCIty_Textures/Tree/Materials/Bush_Light.mat
  artifactKey: Guid(d7acbab6619da374ba67015a84e18b98) Importer(815301076,1909f56bfc062723c751e8b465ee728b)
Start importing Assets/SkyCIty_Textures/Tree/Materials/Bush_Light.mat using Guid(d7acbab6619da374ba67015a84e18b98) Importer(815301076,1909f56bfc062723c751e8b465ee728b)  -> (artifact id: 'b7448c8c425ac11eb8d6b907ab89c240') in 0.028930 seconds 
  Import took 0.037253 seconds .

AssetImportWorkerClient::OnTransportError - code=2 error=End of file
