Using pre-set license
Built from '2020.3/staging' branch; Version is '2020.3.20f1 (41c4e627c95f) revision 4310246'; Using compiler version '192528614'; Build Type 'Release'
OS: 'Windows 10 Home; OS build 19042.1466; Version 2009; 64bit' Language: 'nl' Physical Memory: 16332 MB
BatchMode: 1, IsHumanControllingUs: 0, StartBugReporterOnCrash: 0, Is64bit: 1, IsPro: 0

COMMAND LINE ARGUMENTS:
H:\DAE\Unity\Unity Editor\2020.3.20f1\Editor\Unity.exe
-adb2
-batchMode
-noUpm
-name
AssetImportWorker1
-projectPath
H:/DAE/PD3/Sky-City
-logFile
Logs/AssetImportWorker1.log
-srvPort
49697
Successfully changed project path to: H:/DAE/PD3/Sky-City
H:/DAE/PD3/Sky-City
Using Asset Import Pipeline V2.
Refreshing native plugins compatible for Editor in 94.82 ms, found 2 plugins.
Preloading 0 native plugins for Editor in 0.00 ms.
Initialize engine version: 2020.3.20f1 (41c4e627c95f)
[Subsystems] Discovering subsystems at path H:/DAE/Unity/Unity Editor/2020.3.20f1/Editor/Data/Resources/UnitySubsystems
[Subsystems] Discovering subsystems at path H:/DAE/PD3/Sky-City/Assets
GfxDevice: creating device client; threaded=0
Direct3D:
    Version:  Direct3D 11.0 [level 11.1]
    Renderer: Radeon RX 570 Series (ID=0x67df)
    Vendor:   
    VRAM:     4075 MB
    Driver:   30.0.13025.5005
Initialize mono
Mono path[0] = 'H:/DAE/Unity/Unity Editor/2020.3.20f1/Editor/Data/Managed'
Mono path[1] = 'H:/DAE/Unity/Unity Editor/2020.3.20f1/Editor/Data/MonoBleedingEdge/lib/mono/unityjit'
Mono config path = 'H:/DAE/Unity/Unity Editor/2020.3.20f1/Editor/Data/MonoBleedingEdge/etc'
Using monoOptions --debugger-agent=transport=dt_socket,embedding=1,server=y,suspend=n,address=127.0.0.1:56156
Begin MonoManager ReloadAssembly
Registering precompiled unity dll's ...
Register platform support module: H:/DAE/Unity/Unity Editor/2020.3.20f1/Editor/Data/PlaybackEngines/WindowsStandaloneSupport/UnityEditor.WindowsStandalone.Extensions.dll
Registered in 0.002202 seconds.
Native extension for WindowsStandalone target not found
Refreshing native plugins compatible for Editor in 111.51 ms, found 2 plugins.
Preloading 0 native plugins for Editor in 0.00 ms.
Mono: successfully reloaded assembly
- Completed reload, in  1.442 seconds
Domain Reload Profiling:
	ReloadAssembly (1442ms)
		BeginReloadAssembly (71ms)
			ExecutionOrderSort (0ms)
			DisableScriptedObjects (0ms)
			BackupInstance (0ms)
			ReleaseScriptingObjects (0ms)
			CreateAndSetChildDomain (1ms)
		EndReloadAssembly (560ms)
			LoadAssemblies (71ms)
			RebuildTransferFunctionScriptingTraits (0ms)
			SetupTypeCache (183ms)
			ReleaseScriptCaches (0ms)
			RebuildScriptCaches (31ms)
			SetupLoadedEditorAssemblies (254ms)
				LogAssemblyErrors (0ms)
				InitializePlatformSupportModulesInManaged (4ms)
				SetLoadedEditorAssemblies (0ms)
				RefreshPlugins (112ms)
				BeforeProcessingInitializeOnLoad (12ms)
				ProcessInitializeOnLoadAttributes (95ms)
				ProcessInitializeOnLoadMethodAttributes (31ms)
				AfterProcessingInitializeOnLoad (0ms)
				EditorAssembliesLoaded (0ms)
			ExecutionOrderSort2 (0ms)
			AwakeInstancesAfterBackupRestoration (0ms)
Platform modules already initialized, skipping
Registering precompiled user dll's ...
Registered in 0.004030 seconds.
Begin MonoManager ReloadAssembly
Native extension for WindowsStandalone target not found
Refreshing native plugins compatible for Editor in 95.00 ms, found 2 plugins.
Preloading 0 native plugins for Editor in 0.00 ms.
Mono: successfully reloaded assembly
- Completed reload, in  1.687 seconds
Domain Reload Profiling:
	ReloadAssembly (1688ms)
		BeginReloadAssembly (181ms)
			ExecutionOrderSort (0ms)
			DisableScriptedObjects (5ms)
			BackupInstance (0ms)
			ReleaseScriptingObjects (0ms)
			CreateAndSetChildDomain (21ms)
		EndReloadAssembly (1434ms)
			LoadAssemblies (134ms)
			RebuildTransferFunctionScriptingTraits (0ms)
			SetupTypeCache (401ms)
			ReleaseScriptCaches (1ms)
			RebuildScriptCaches (94ms)
			SetupLoadedEditorAssemblies (669ms)
				LogAssemblyErrors (0ms)
				InitializePlatformSupportModulesInManaged (4ms)
				SetLoadedEditorAssemblies (0ms)
				RefreshPlugins (95ms)
				BeforeProcessingInitializeOnLoad (80ms)
				ProcessInitializeOnLoadAttributes (319ms)
				ProcessInitializeOnLoadMethodAttributes (168ms)
				AfterProcessingInitializeOnLoad (3ms)
				EditorAssembliesLoaded (0ms)
			ExecutionOrderSort2 (0ms)
			AwakeInstancesAfterBackupRestoration (7ms)
Platform modules already initialized, skipping
========================================================================
Worker process is ready to serve import requests
Launched and connected shader compiler UnityShaderCompiler.exe after 0.06 seconds
Refreshing native plugins compatible for Editor in 0.92 ms, found 2 plugins.
Preloading 0 native plugins for Editor in 0.00 ms.
Unloading 4076 Unused Serialized files (Serialized files now loaded: 0)
System memory in use before: 192.2 MB.
System memory in use after: 192.4 MB.

Unloading 20 unused Assets to reduce memory usage. Loaded Objects now: 4531.
Total: 4.657100 ms (FindLiveObjects: 0.441700 ms CreateObjectMapping: 0.118000 ms MarkObjects: 4.012100 ms  DeleteObjects: 0.083300 ms)

AssetImportParameters requested are different than current active one (requested -> active):
  custom:framework-win-MediaFoundation: 216162199b28c13a410421893ffa2e32 -> 
  custom:video-decoder-ogg-theora: a1e56fd34408186e4bbccfd4996cb3dc -> 
  custom:container-muxer-webm: aa71ff27fc2769a1b78a27578f13a17b -> 
  custom:container-demuxer-webm: 4f35f7cbe854078d1ac9338744f61a02 -> 
  custom:container-demuxer-ogg: 62fdf1f143b41e24485cea50d1cbac27 -> 
  custom:video-encoder-webm-vp8: eb34c28f22e8b96e1ab97ce403110664 -> 
  custom:video-decoder-webm-vp8: 9c59270c3fd7afecdb556c50c9e8de78 -> 
  custom:audio-decoder-ogg-vorbis: bf7c407c2cedff20999df2af8eb42d56 -> 
  custom:audio-encoder-webm-vorbis: bf7c407c2cedff20999df2af8eb42d56 -> 
========================================================================
Received Import Request.
  path: Assets/UnitySampleScene/Textures
  artifactKey: Guid(0477bc1317048144f898051a91b94444) Importer(815301076,1909f56bfc062723c751e8b465ee728b)
Start importing Assets/UnitySampleScene/Textures using Guid(0477bc1317048144f898051a91b94444) Importer(815301076,1909f56bfc062723c751e8b465ee728b)  -> (artifact id: '9d0be126e96b6c060f4b252ea20ee5f0') in 0.012051 seconds 
  Import took 0.017867 seconds .

========================================================================
Received Import Request.
  Time since last request: 0.000302 seconds.
  path: Assets/Models/Leaves.fbx
  artifactKey: Guid(63dadd396f87fe644a1f495a8fd05d60) Importer(815301076,1909f56bfc062723c751e8b465ee728b)
Start importing Assets/Models/Leaves.fbx using Guid(63dadd396f87fe644a1f495a8fd05d60) Importer(815301076,1909f56bfc062723c751e8b465ee728b)  -> (artifact id: '6a2a094ca48320633fc370a375e10beb') in 1.531605 seconds 
  Import took 1.541252 seconds .

========================================================================
Received Import Request.
  Time since last request: 0.000251 seconds.
  path: Assets/Models/LooseObjects.fbx
  artifactKey: Guid(cb87447f59ef27947987e00de4569e5a) Importer(815301076,1909f56bfc062723c751e8b465ee728b)
Start importing Assets/Models/LooseObjects.fbx using Guid(cb87447f59ef27947987e00de4569e5a) Importer(815301076,1909f56bfc062723c751e8b465ee728b)  -> (artifact id: '1eb692ab37bb7efa2b1b950e67ca1540') in 8.955432 seconds 
  Import took 8.962668 seconds .

========================================================================
Received Import Request.
  Time since last request: 0.000216 seconds.
  path: Assets/Models/Scene.fbx
  artifactKey: Guid(72c693a672d11964487ebf36e2bd3d72) Importer(815301076,1909f56bfc062723c751e8b465ee728b)
Start importing Assets/Models/Scene.fbx using Guid(72c693a672d11964487ebf36e2bd3d72) Importer(815301076,1909f56bfc062723c751e8b465ee728b)  -> (artifact id: 'c6f2ff7d93a31cccb536569fee2c98f9') in 3.990746 seconds 
  Import took 4.000212 seconds .

========================================================================
Received Import Request.
  Time since last request: 999.361036 seconds.
  path: Assets/Models/water.fbx
  artifactKey: Guid(6069cd40eca053b4a9e5b58864fa71af) Importer(815301076,1909f56bfc062723c751e8b465ee728b)
Start importing Assets/Models/water.fbx using Guid(6069cd40eca053b4a9e5b58864fa71af) Importer(815301076,1909f56bfc062723c751e8b465ee728b)  -> (artifact id: '30b51c3cb963b0b0a6cf759b1b73c0e8') in 0.044262 seconds 
  Import took 0.052001 seconds .

========================================================================
Received Import Request.
  Time since last request: 94.951441 seconds.
  path: Assets/SkyCIty_Textures/NewLayer.terrainlayer
  artifactKey: Guid(d34737b815a6aec468fbfb2c315769f5) Importer(815301076,1909f56bfc062723c751e8b465ee728b)
Start importing Assets/SkyCIty_Textures/NewLayer.terrainlayer using Guid(d34737b815a6aec468fbfb2c315769f5) Importer(815301076,1909f56bfc062723c751e8b465ee728b)  -> (artifact id: '62cfb788a23de8d0569eda31c4b3ffe3') in 0.243313 seconds 
  Import took 0.249899 seconds .

========================================================================
Received Import Request.
  Time since last request: 4.876640 seconds.
  path: Assets/SkyCIty_Textures
  artifactKey: Guid(a3407f90d5e8c3d4d93235f0f9b8bbee) Importer(815301076,1909f56bfc062723c751e8b465ee728b)
Start importing Assets/SkyCIty_Textures using Guid(a3407f90d5e8c3d4d93235f0f9b8bbee) Importer(815301076,1909f56bfc062723c751e8b465ee728b)  -> (artifact id: '8f2ac236ad60f88a525ff1416f2df093') in 0.006810 seconds 
  Import took 0.013523 seconds .

========================================================================
Received Import Request.
  Time since last request: 5.199192 seconds.
  path: Assets/SkyCIty_Textures/Water
  artifactKey: Guid(51d848a41c9c361499b5ce1f383ad278) Importer(815301076,1909f56bfc062723c751e8b465ee728b)
Start importing Assets/SkyCIty_Textures/Water using Guid(51d848a41c9c361499b5ce1f383ad278) Importer(815301076,1909f56bfc062723c751e8b465ee728b)  -> (artifact id: '34a76dfc8c66f02978bcb00a08dbe534') in 0.006028 seconds 
  Import took 0.012778 seconds .

========================================================================
Received Import Request.
  Time since last request: 2.469482 seconds.
  path: Assets/UnitySampleScene/Textures/General/Ground_Albedo.png
  artifactKey: Guid(b6b099b58f8535a46ac14165d4a80a24) Importer(815301076,1909f56bfc062723c751e8b465ee728b)
Start importing Assets/UnitySampleScene/Textures/General/Ground_Albedo.png using Guid(b6b099b58f8535a46ac14165d4a80a24) Importer(815301076,1909f56bfc062723c751e8b465ee728b)  -> (artifact id: '6b29818723b5e53aa72d7d827a46e0b0') in 0.045850 seconds 
  Import took 0.052562 seconds .

========================================================================
Received Import Request.
  Time since last request: 0.000298 seconds.
  path: Assets/UnitySampleScene/Textures/General/ConcreteMatteGrey_Normal.png
  artifactKey: Guid(220d1c644e262794d9fff5f4c5543142) Importer(815301076,1909f56bfc062723c751e8b465ee728b)
Start importing Assets/UnitySampleScene/Textures/General/ConcreteMatteGrey_Normal.png using Guid(220d1c644e262794d9fff5f4c5543142) Importer(815301076,1909f56bfc062723c751e8b465ee728b)  -> (artifact id: '004c0a767fea1ca385dfd784a4dc699e') in 0.026413 seconds 
  Import took 0.033155 seconds .

========================================================================
Received Import Request.
  Time since last request: 13.170654 seconds.
  path: Assets/Materials/1-11557_jungle-tree-png-image-rainforest-trees-transparent-background.mat
  artifactKey: Guid(ecb138d37c3fbf4418a5253adf1997de) Importer(815301076,1909f56bfc062723c751e8b465ee728b)
Start importing Assets/Materials/1-11557_jungle-tree-png-image-rainforest-trees-transparent-background.mat using Guid(ecb138d37c3fbf4418a5253adf1997de) Importer(815301076,1909f56bfc062723c751e8b465ee728b)  -> (artifact id: '593e81d39b2860f010ac919927d85775') in 0.037900 seconds 
  Import took 0.045034 seconds .

========================================================================
Received Import Request.
  Time since last request: 0.000269 seconds.
  path: Assets/Materials/Bamboo_House.mat
  artifactKey: Guid(8c81f4fd4ccbee147bfe9a3de0eff2d0) Importer(815301076,1909f56bfc062723c751e8b465ee728b)
Start importing Assets/Materials/Bamboo_House.mat using Guid(8c81f4fd4ccbee147bfe9a3de0eff2d0) Importer(815301076,1909f56bfc062723c751e8b465ee728b)  -> (artifact id: '3b74f9a778be4b867f67d907d4369d54') in 0.358735 seconds 
  Import took 0.365465 seconds .

========================================================================
Received Import Request.
  Time since last request: 0.000214 seconds.
  path: Assets/Materials/Ground_Earth.mat
  artifactKey: Guid(5bd827c2318198b418b1bdee250f7e5e) Importer(815301076,1909f56bfc062723c751e8b465ee728b)
Start importing Assets/Materials/Ground_Earth.mat using Guid(5bd827c2318198b418b1bdee250f7e5e) Importer(815301076,1909f56bfc062723c751e8b465ee728b)  -> (artifact id: '147d6120e3c7ccf33b6e58e27d4aaac4') in 0.035610 seconds 
  Import took 0.042012 seconds .

========================================================================
Received Import Request.
  Time since last request: 0.000246 seconds.
  path: Assets/Materials/Wooden_Floor_House.mat
  artifactKey: Guid(61092d333850cde42a69a86980991c0c) Importer(815301076,1909f56bfc062723c751e8b465ee728b)
Start importing Assets/Materials/Wooden_Floor_House.mat using Guid(61092d333850cde42a69a86980991c0c) Importer(815301076,1909f56bfc062723c751e8b465ee728b)  -> (artifact id: '1fc089e91312e564dc4ae4eb51097e95') in 0.037406 seconds 
  Import took 0.044646 seconds .

========================================================================
Received Import Request.
  Time since last request: 0.000226 seconds.
  path: Assets/Materials/Wood_Door_Windows.mat
  artifactKey: Guid(12468e14aaf0e6848885eaac1a3eb89f) Importer(815301076,1909f56bfc062723c751e8b465ee728b)
Start importing Assets/Materials/Wood_Door_Windows.mat using Guid(12468e14aaf0e6848885eaac1a3eb89f) Importer(815301076,1909f56bfc062723c751e8b465ee728b)  -> (artifact id: 'c4210ac62e3301d99e0ff5dae1481291') in 0.307138 seconds 
  Import took 0.313775 seconds .

========================================================================
Received Import Request.
  Time since last request: 0.000223 seconds.
  path: Assets/Materials/NewLayer.terrainlayer
  artifactKey: Guid(9d541feac39679a4785973031dc119c5) Importer(815301076,1909f56bfc062723c751e8b465ee728b)
Start importing Assets/Materials/NewLayer.terrainlayer using Guid(9d541feac39679a4785973031dc119c5) Importer(815301076,1909f56bfc062723c751e8b465ee728b)  -> (artifact id: 'f1a260d0638509e433dcf4d0a24d2992') in 0.027431 seconds 
  Import took 0.033792 seconds .

========================================================================
Received Import Request.
  Time since last request: 0.000225 seconds.
  path: Assets/Materials/Window.mat
  artifactKey: Guid(cdf657ec1db93404b8464c38937a2dcf) Importer(815301076,1909f56bfc062723c751e8b465ee728b)
Start importing Assets/Materials/Window.mat using Guid(cdf657ec1db93404b8464c38937a2dcf) Importer(815301076,1909f56bfc062723c751e8b465ee728b)  -> (artifact id: 'e5c5d0fc6b5da26c6c5bf4e6c19aaa8d') in 0.349002 seconds 
  Import took 0.355680 seconds .

========================================================================
Received Import Request.
  Time since last request: 0.000238 seconds.
  path: Assets/Materials/Chain.mat
  artifactKey: Guid(0dde0b0e1928e7a4c8b846e6a012fa50) Importer(815301076,1909f56bfc062723c751e8b465ee728b)
Start importing Assets/Materials/Chain.mat using Guid(0dde0b0e1928e7a4c8b846e6a012fa50) Importer(815301076,1909f56bfc062723c751e8b465ee728b)  -> (artifact id: '5df45e693a9a098cacb4659747bc894c') in 0.031715 seconds 
  Import took 0.038612 seconds .

========================================================================
Received Import Request.
  Time since last request: 0.000268 seconds.
  path: Assets/Materials/Wood_Bridge.mat
  artifactKey: Guid(fd0d14f5cb083bb4a868d40c647281d7) Importer(815301076,1909f56bfc062723c751e8b465ee728b)
Start importing Assets/Materials/Wood_Bridge.mat using Guid(fd0d14f5cb083bb4a868d40c647281d7) Importer(815301076,1909f56bfc062723c751e8b465ee728b)  -> (artifact id: '62659c48a922a8ca021552529419ef16') in 0.031012 seconds 
  Import took 0.037919 seconds .

========================================================================
Received Import Request.
  Time since last request: 0.000212 seconds.
  path: Assets/Materials/Lights.mat
  artifactKey: Guid(449c0c72345b5ba4ab3b1f0eeef8fc21) Importer(815301076,1909f56bfc062723c751e8b465ee728b)
Start importing Assets/Materials/Lights.mat using Guid(449c0c72345b5ba4ab3b1f0eeef8fc21) Importer(815301076,1909f56bfc062723c751e8b465ee728b)  -> (artifact id: 'b687ce522ab841a8fbc65f6c94a7eff0') in 0.033287 seconds 
  Import took 0.040337 seconds .

========================================================================
Received Import Request.
  Time since last request: 0.000223 seconds.
  path: Assets/Materials/Wood_House.mat
  artifactKey: Guid(90341459dbd7f5045b67fc223b21617f) Importer(815301076,1909f56bfc062723c751e8b465ee728b)
Start importing Assets/Materials/Wood_House.mat using Guid(90341459dbd7f5045b67fc223b21617f) Importer(815301076,1909f56bfc062723c751e8b465ee728b)  -> (artifact id: 'c63b6dc722ccda5d4cd0b048513dbc38') in 0.030664 seconds 
  Import took 0.037888 seconds .

========================================================================
Received Import Request.
  Time since last request: 0.000193 seconds.
  path: Assets/Materials/Lianen.mat
  artifactKey: Guid(22ae267a3bbc95947a0aa73f3c4a4ad3) Importer(815301076,1909f56bfc062723c751e8b465ee728b)
Start importing Assets/Materials/Lianen.mat using Guid(22ae267a3bbc95947a0aa73f3c4a4ad3) Importer(815301076,1909f56bfc062723c751e8b465ee728b)  -> (artifact id: '1fc8822a1669e6b8e6e2992892076028') in 0.031913 seconds 
  Import took 0.038655 seconds .

========================================================================
Received Import Request.
  Time since last request: 0.000239 seconds.
  path: Assets/Materials/Hay_House.mat
  artifactKey: Guid(c4ca08ce4efbf814cbd1cddde865fe1d) Importer(815301076,1909f56bfc062723c751e8b465ee728b)
Start importing Assets/Materials/Hay_House.mat using Guid(c4ca08ce4efbf814cbd1cddde865fe1d) Importer(815301076,1909f56bfc062723c751e8b465ee728b)  -> (artifact id: 'c26e8e8a93bec214dd55653b62700020') in 0.031526 seconds 
  Import took 0.038195 seconds .

========================================================================
Received Import Request.
  Time since last request: 0.000202 seconds.
  path: Assets/Materials/Bark_Tree.mat
  artifactKey: Guid(6d42a63961716e64ba2c755964a8fb15) Importer(815301076,1909f56bfc062723c751e8b465ee728b)
Start importing Assets/Materials/Bark_Tree.mat using Guid(6d42a63961716e64ba2c755964a8fb15) Importer(815301076,1909f56bfc062723c751e8b465ee728b)  -> (artifact id: '52b303e99524f96d896e913f031acda9') in 0.334076 seconds 
  Import took 0.341017 seconds .

========================================================================
Received Import Request.
  Time since last request: 0.000251 seconds.
  path: Assets/Materials/Fence.mat
  artifactKey: Guid(b444f5e220cec29429b9cc66aaa74aca) Importer(815301076,1909f56bfc062723c751e8b465ee728b)
Start importing Assets/Materials/Fence.mat using Guid(b444f5e220cec29429b9cc66aaa74aca) Importer(815301076,1909f56bfc062723c751e8b465ee728b)  -> (artifact id: '6f63131e8ada275e888257e15981d63e') in 0.032196 seconds 
  Import took 0.039431 seconds .

========================================================================
Received Import Request.
  Time since last request: 0.000273 seconds.
  path: Assets/Materials/Door.mat
  artifactKey: Guid(7466d89b0677f454f90ea58f3cc4d192) Importer(815301076,1909f56bfc062723c751e8b465ee728b)
Start importing Assets/Materials/Door.mat using Guid(7466d89b0677f454f90ea58f3cc4d192) Importer(815301076,1909f56bfc062723c751e8b465ee728b)  -> (artifact id: 'd288f55a6f29c535206f22fe762c3836') in 0.032287 seconds 
  Import took 0.039460 seconds .

========================================================================
Received Import Request.
  Time since last request: 10.958663 seconds.
  path: Assets/SkyCIty_Textures/Extra
  artifactKey: Guid(345365ffed2f8fe42a127cc5628568f0) Importer(815301076,1909f56bfc062723c751e8b465ee728b)
Start importing Assets/SkyCIty_Textures/Extra using Guid(345365ffed2f8fe42a127cc5628568f0) Importer(815301076,1909f56bfc062723c751e8b465ee728b)  -> (artifact id: 'e189a16b105a3cbe7320159a8096de47') in 0.006539 seconds 
  Import took 0.013312 seconds .

========================================================================
Received Import Request.
  Time since last request: 0.157299 seconds.
  path: Assets/SkyCIty_Textures/Extra/Chains_07 - Default_Albedo.png
  artifactKey: Guid(ef9ceba26cc94ac418c432f0aaeba3fd) Importer(815301076,1909f56bfc062723c751e8b465ee728b)
Start importing Assets/SkyCIty_Textures/Extra/Chains_07 - Default_Albedo.png using Guid(ef9ceba26cc94ac418c432f0aaeba3fd) Importer(815301076,1909f56bfc062723c751e8b465ee728b)  -> (artifact id: 'c59cf397c7d89199bc2292008efd6b73') in 0.012951 seconds 
  Import took 0.019553 seconds .

========================================================================
Received Import Request.
  Time since last request: 0.000272 seconds.
  path: Assets/SkyCIty_Textures/Extra/Door_08 - Default_Normal.png
  artifactKey: Guid(e90c57b8ae024894f9237f95386c1ddc) Importer(815301076,1909f56bfc062723c751e8b465ee728b)
Start importing Assets/SkyCIty_Textures/Extra/Door_08 - Default_Normal.png using Guid(e90c57b8ae024894f9237f95386c1ddc) Importer(815301076,1909f56bfc062723c751e8b465ee728b)  -> (artifact id: 'c79dc6fd3b3b90cd9aed16e2a43d6d19') in 0.027010 seconds 
  Import took 0.033595 seconds .

========================================================================
Received Import Request.
  Time since last request: 0.000197 seconds.
  path: Assets/SkyCIty_Textures/Extra/Fences_03 - Default_Albedo.png
  artifactKey: Guid(d77f961736600084389233a9fe3ae5cb) Importer(815301076,1909f56bfc062723c751e8b465ee728b)
Start importing Assets/SkyCIty_Textures/Extra/Fences_03 - Default_Albedo.png using Guid(d77f961736600084389233a9fe3ae5cb) Importer(815301076,1909f56bfc062723c751e8b465ee728b)  -> (artifact id: 'e803ea2798f3433d829826fa923eb341') in 0.027916 seconds 
  Import took 0.034436 seconds .

========================================================================
Received Import Request.
  Time since last request: 0.000228 seconds.
  path: Assets/SkyCIty_Textures/Extra/Door_08 - Default_Albedo.png
  artifactKey: Guid(5ec01c77b3713504aaadf3018d1d07c8) Importer(815301076,1909f56bfc062723c751e8b465ee728b)
Start importing Assets/SkyCIty_Textures/Extra/Door_08 - Default_Albedo.png using Guid(5ec01c77b3713504aaadf3018d1d07c8) Importer(815301076,1909f56bfc062723c751e8b465ee728b)  -> (artifact id: 'bdda2e7936fc8e71cb9dd3a29d07a646') in 0.013821 seconds 
  Import took 0.020421 seconds .

========================================================================
Received Import Request.
  Time since last request: 0.000255 seconds.
  path: Assets/SkyCIty_Textures/Extra/Window_08 - Default_Albedo.png
  artifactKey: Guid(88dd4a0d78eb7284baad22f39cae5435) Importer(815301076,1909f56bfc062723c751e8b465ee728b)
Start importing Assets/SkyCIty_Textures/Extra/Window_08 - Default_Albedo.png using Guid(88dd4a0d78eb7284baad22f39cae5435) Importer(815301076,1909f56bfc062723c751e8b465ee728b)  -> (artifact id: 'ada46cd69e5a88556c9d4de4601c1656') in 0.012277 seconds 
  Import took 0.018968 seconds .

========================================================================
Received Import Request.
  Time since last request: 0.000231 seconds.
  path: Assets/SkyCIty_Textures/Extra/Wood Bridge_Tree_HP_TreedDecimate_None_Normal.png
  artifactKey: Guid(06eea07f966120c45aff08c57db92630) Importer(815301076,1909f56bfc062723c751e8b465ee728b)
Start importing Assets/SkyCIty_Textures/Extra/Wood Bridge_Tree_HP_TreedDecimate_None_Normal.png using Guid(06eea07f966120c45aff08c57db92630) Importer(815301076,1909f56bfc062723c751e8b465ee728b)  -> (artifact id: 'aae56373114fa8d3546888cd5ad419ce') in 0.021076 seconds 
  Import took 0.027887 seconds .

========================================================================
Received Import Request.
  Time since last request: 0.000207 seconds.
  path: Assets/SkyCIty_Textures/Extra/Fences_03 - Default_Normal.png
  artifactKey: Guid(f1ceb2371347d354a974ea74787be525) Importer(815301076,1909f56bfc062723c751e8b465ee728b)
Start importing Assets/SkyCIty_Textures/Extra/Fences_03 - Default_Normal.png using Guid(f1ceb2371347d354a974ea74787be525) Importer(815301076,1909f56bfc062723c751e8b465ee728b)  -> (artifact id: '311543d30e5ef53776d902e62cbb4858') in 0.021312 seconds 
  Import took 0.028049 seconds .

========================================================================
Received Import Request.
  Time since last request: 0.000218 seconds.
  path: Assets/SkyCIty_Textures/Extra/Ground_World_Displacement.exr
  artifactKey: Guid(a89f2b8fc06bcb14c918cc88487f4d89) Importer(815301076,1909f56bfc062723c751e8b465ee728b)
Start importing Assets/SkyCIty_Textures/Extra/Ground_World_Displacement.exr using Guid(a89f2b8fc06bcb14c918cc88487f4d89) Importer(815301076,1909f56bfc062723c751e8b465ee728b)  -> (artifact id: '03266268f05e7aaaadbf6d8a0d23ddb5') in 0.053152 seconds 
  Import took 0.059798 seconds .

========================================================================
Received Import Request.
  Time since last request: 0.000299 seconds.
  path: Assets/SkyCIty_Textures/Extra/Ground_World_Normal.png
  artifactKey: Guid(db4798a260ab5764e9f96a37b450286c) Importer(815301076,1909f56bfc062723c751e8b465ee728b)
Start importing Assets/SkyCIty_Textures/Extra/Ground_World_Normal.png using Guid(db4798a260ab5764e9f96a37b450286c) Importer(815301076,1909f56bfc062723c751e8b465ee728b)  -> (artifact id: '863334215d066a89b19ed7daa662c189') in 0.024577 seconds 
  Import took 0.032249 seconds .

========================================================================
Received Import Request.
  Time since last request: 0.000194 seconds.
  path: Assets/SkyCIty_Textures/Extra/Light Ball_09 - Default_Albedo.png
  artifactKey: Guid(9f3bbe5028480854fa9cff0774d01d78) Importer(815301076,1909f56bfc062723c751e8b465ee728b)
Start importing Assets/SkyCIty_Textures/Extra/Light Ball_09 - Default_Albedo.png using Guid(9f3bbe5028480854fa9cff0774d01d78) Importer(815301076,1909f56bfc062723c751e8b465ee728b)  -> (artifact id: '794e8f5eb6afa70f61d8e1e424460cf1') in 0.030651 seconds 
  Import took 0.037096 seconds .

========================================================================
Received Import Request.
  Time since last request: 0.000261 seconds.
  path: Assets/SkyCIty_Textures/Extra/Wood Bridge_Tree_HP_TreedDecimate_None_Albedo.png
  artifactKey: Guid(294b75862f26f66459604b91a8e60292) Importer(815301076,1909f56bfc062723c751e8b465ee728b)
Start importing Assets/SkyCIty_Textures/Extra/Wood Bridge_Tree_HP_TreedDecimate_None_Albedo.png using Guid(294b75862f26f66459604b91a8e60292) Importer(815301076,1909f56bfc062723c751e8b465ee728b)  -> (artifact id: 'bf81af31c81fdfb2d8e64e180000b6a2') in 0.026062 seconds 
  Import took 0.033343 seconds .

========================================================================
Received Import Request.
  Time since last request: 0.000214 seconds.
  path: Assets/SkyCIty_Textures/Extra/Ground_World_Albedo.png
  artifactKey: Guid(960438130c550de4089eeeeb9ed867ef) Importer(815301076,1909f56bfc062723c751e8b465ee728b)
Start importing Assets/SkyCIty_Textures/Extra/Ground_World_Albedo.png using Guid(960438130c550de4089eeeeb9ed867ef) Importer(815301076,1909f56bfc062723c751e8b465ee728b)  -> (artifact id: '7f329e80bb23be2a713bd412db82da61') in 0.014009 seconds 
  Import took 0.020856 seconds .

========================================================================
Received Import Request.
  Time since last request: 0.000229 seconds.
  path: Assets/SkyCIty_Textures/Extra/Window_08 - Default_Normal.png
  artifactKey: Guid(df37f3fd0caafe34f96890bfbe137751) Importer(815301076,1909f56bfc062723c751e8b465ee728b)
Start importing Assets/SkyCIty_Textures/Extra/Window_08 - Default_Normal.png using Guid(df37f3fd0caafe34f96890bfbe137751) Importer(815301076,1909f56bfc062723c751e8b465ee728b)  -> (artifact id: 'f219d4fd60ec67702cf05c9786a3cd3c') in 0.012266 seconds 
  Import took 0.018653 seconds .

========================================================================
Received Import Request.
  Time since last request: 0.000224 seconds.
  path: Assets/SkyCIty_Textures/Extra/Wood Planks_Tree_HP_TreedDecimate_None_Albedo.png
  artifactKey: Guid(4fb5d1f34f965cd43a604b51b5e91d2f) Importer(815301076,1909f56bfc062723c751e8b465ee728b)
Start importing Assets/SkyCIty_Textures/Extra/Wood Planks_Tree_HP_TreedDecimate_None_Albedo.png using Guid(4fb5d1f34f965cd43a604b51b5e91d2f) Importer(815301076,1909f56bfc062723c751e8b465ee728b)  -> (artifact id: 'f24ba96aba5226982325d73b78c28b0f') in 0.012970 seconds 
  Import took 0.019829 seconds .

========================================================================
Received Import Request.
  Time since last request: 0.000197 seconds.
  path: Assets/SkyCIty_Textures/Extra/Wood Planks_Tree_HP_TreedDecimate_None_Normal.png
  artifactKey: Guid(fc6c29267eb3b1c4aa1d5c86d0f3128d) Importer(815301076,1909f56bfc062723c751e8b465ee728b)
Start importing Assets/SkyCIty_Textures/Extra/Wood Planks_Tree_HP_TreedDecimate_None_Normal.png using Guid(fc6c29267eb3b1c4aa1d5c86d0f3128d) Importer(815301076,1909f56bfc062723c751e8b465ee728b)  -> (artifact id: '821bbcb994eb0ddcf7364cc2691e69a7') in 0.013348 seconds 
  Import took 0.019921 seconds .

========================================================================
Received Import Request.
  Time since last request: 0.000222 seconds.
  path: Assets/SkyCIty_Textures/Extra/Chains_07 - Default_Normal.png
  artifactKey: Guid(400612d339e926644b6847a234337f80) Importer(815301076,1909f56bfc062723c751e8b465ee728b)
Start importing Assets/SkyCIty_Textures/Extra/Chains_07 - Default_Normal.png using Guid(400612d339e926644b6847a234337f80) Importer(815301076,1909f56bfc062723c751e8b465ee728b)  -> (artifact id: '12b2c54fb1c9bb469f92d8160dc4ccf0') in 0.013298 seconds 
  Import took 0.020195 seconds .

========================================================================
Received Import Request.
  Time since last request: 0.000269 seconds.
  path: Assets/SkyCIty_Textures/Extra/Lianen_02 - Default_Albedo.png
  artifactKey: Guid(4569aed6b242bfa41a26868d46e749fa) Importer(815301076,1909f56bfc062723c751e8b465ee728b)
Start importing Assets/SkyCIty_Textures/Extra/Lianen_02 - Default_Albedo.png using Guid(4569aed6b242bfa41a26868d46e749fa) Importer(815301076,1909f56bfc062723c751e8b465ee728b)  -> (artifact id: 'ffcf841ddf9cabedaa5f08174a62d5cb') in 0.014325 seconds 
  Import took 0.021613 seconds .

========================================================================
Received Import Request.
  Time since last request: 1.931102 seconds.
  path: Assets/SkyCIty_Textures/House/Edge Roof.png
  artifactKey: Guid(22ae2eedfd2a17c45a6435cc75e4487d) Importer(815301076,1909f56bfc062723c751e8b465ee728b)
Start importing Assets/SkyCIty_Textures/House/Edge Roof.png using Guid(22ae2eedfd2a17c45a6435cc75e4487d) Importer(815301076,1909f56bfc062723c751e8b465ee728b)  -> (artifact id: 'be21fbebf770693482901ebb941417a7') in 0.011645 seconds 
  Import took 0.018363 seconds .

========================================================================
Received Import Request.
  Time since last request: 0.000239 seconds.
  path: Assets/SkyCIty_Textures/House/Wooden Base_03 - Default_Albedo.png
  artifactKey: Guid(93e78fd61cc61534585e562d49df186b) Importer(815301076,1909f56bfc062723c751e8b465ee728b)
Start importing Assets/SkyCIty_Textures/House/Wooden Base_03 - Default_Albedo.png using Guid(93e78fd61cc61534585e562d49df186b) Importer(815301076,1909f56bfc062723c751e8b465ee728b)  -> (artifact id: '2b5a43f719627008d41eac4150aa6f4d') in 0.013345 seconds 
  Import took 0.019677 seconds .

========================================================================
Received Import Request.
  Time since last request: 0.000220 seconds.
  path: Assets/SkyCIty_Textures/House/Wooden Base_02 - Default_Roughness.png
  artifactKey: Guid(9bfeea5bc1a4f6f489d3a2e419f4473a) Importer(815301076,1909f56bfc062723c751e8b465ee728b)
Start importing Assets/SkyCIty_Textures/House/Wooden Base_02 - Default_Roughness.png using Guid(9bfeea5bc1a4f6f489d3a2e419f4473a) Importer(815301076,1909f56bfc062723c751e8b465ee728b)  -> (artifact id: '24971999acc75b3970905f951527bdd6') in 0.014054 seconds 
  Import took 0.020531 seconds .

========================================================================
Received Import Request.
  Time since last request: 0.000260 seconds.
  path: Assets/SkyCIty_Textures/House/Floor Wood_TreedDecimate_None_Albedo.png
  artifactKey: Guid(ba81b02770a3de54f81fb5b86ed2b373) Importer(815301076,1909f56bfc062723c751e8b465ee728b)
Start importing Assets/SkyCIty_Textures/House/Floor Wood_TreedDecimate_None_Albedo.png using Guid(ba81b02770a3de54f81fb5b86ed2b373) Importer(815301076,1909f56bfc062723c751e8b465ee728b)  -> (artifact id: '429f34f8b1b0510a1ada17fbdb9e9b1a') in 0.020727 seconds 
  Import took 0.027238 seconds .

========================================================================
Received Import Request.
  Time since last request: 0.000275 seconds.
  path: Assets/SkyCIty_Textures/House/Roof Texture_Normal.png
  artifactKey: Guid(c952664dd82c9464a809edbb6940c7ae) Importer(815301076,1909f56bfc062723c751e8b465ee728b)
Start importing Assets/SkyCIty_Textures/House/Roof Texture_Normal.png using Guid(c952664dd82c9464a809edbb6940c7ae) Importer(815301076,1909f56bfc062723c751e8b465ee728b)  -> (artifact id: '5234cb90ac962ab23bd15a2576e47dad') in 0.021499 seconds 
  Import took 0.028174 seconds .

========================================================================
Received Import Request.
  Time since last request: 0.000214 seconds.
  path: Assets/SkyCIty_Textures/House/Wooden Base_02 - Default_Albedo.png
  artifactKey: Guid(e9159eb4ec4919246bd9b113dab2f942) Importer(815301076,1909f56bfc062723c751e8b465ee728b)
Start importing Assets/SkyCIty_Textures/House/Wooden Base_02 - Default_Albedo.png using Guid(e9159eb4ec4919246bd9b113dab2f942) Importer(815301076,1909f56bfc062723c751e8b465ee728b)  -> (artifact id: '3ae2ceb7fd684d73077314b0c059c9a0') in 0.029805 seconds 
  Import took 0.036392 seconds .

========================================================================
Received Import Request.
  Time since last request: 0.000221 seconds.
  path: Assets/SkyCIty_Textures/House/Floor Wood_TreedDecimate_None_Normal.png
  artifactKey: Guid(0265da01f85e17b48b49de1f357b9934) Importer(815301076,1909f56bfc062723c751e8b465ee728b)
Start importing Assets/SkyCIty_Textures/House/Floor Wood_TreedDecimate_None_Normal.png using Guid(0265da01f85e17b48b49de1f357b9934) Importer(815301076,1909f56bfc062723c751e8b465ee728b)  -> (artifact id: '398ff73813d3712e746f28e5b50a4ba2') in 0.023142 seconds 
  Import took 0.029934 seconds .

========================================================================
Received Import Request.
  Time since last request: 0.000280 seconds.
  path: Assets/SkyCIty_Textures/House/Wooden Base_02 - Default_Normal.png
  artifactKey: Guid(bf83c93a7084dde4799c427f54b1408e) Importer(815301076,1909f56bfc062723c751e8b465ee728b)
Start importing Assets/SkyCIty_Textures/House/Wooden Base_02 - Default_Normal.png using Guid(bf83c93a7084dde4799c427f54b1408e) Importer(815301076,1909f56bfc062723c751e8b465ee728b)  -> (artifact id: '404fb4013f2b18f3d17e2f4c723f4b43') in 0.023699 seconds 
  Import took 0.030935 seconds .

========================================================================
Received Import Request.
  Time since last request: 0.000264 seconds.
  path: Assets/SkyCIty_Textures/House/Wooden Base_02 - Default_Displacement.exr
  artifactKey: Guid(0bdff06947cef3f479272beeff946507) Importer(815301076,1909f56bfc062723c751e8b465ee728b)
Start importing Assets/SkyCIty_Textures/House/Wooden Base_02 - Default_Displacement.exr using Guid(0bdff06947cef3f479272beeff946507) Importer(815301076,1909f56bfc062723c751e8b465ee728b)  -> (artifact id: '0615b9d531448617a985d5e80ee9b9fc') in 0.018213 seconds 
  Import took 0.025211 seconds .

========================================================================
Received Import Request.
  Time since last request: 0.000223 seconds.
  path: Assets/SkyCIty_Textures/House/Roof Texture_Albedo.png
  artifactKey: Guid(85ac90240a0937e4c99f1020eb173064) Importer(815301076,1909f56bfc062723c751e8b465ee728b)
Start importing Assets/SkyCIty_Textures/House/Roof Texture_Albedo.png using Guid(85ac90240a0937e4c99f1020eb173064) Importer(815301076,1909f56bfc062723c751e8b465ee728b)  -> (artifact id: '261c77ca5a2206a656794a3402cd7910') in 0.020069 seconds 
  Import took 0.027069 seconds .

========================================================================
Received Import Request.
  Time since last request: 0.000219 seconds.
  path: Assets/SkyCIty_Textures/House/Wooden Base_03 - Default_Normal.png
  artifactKey: Guid(3b9eaeab3850d334496f55165d447f83) Importer(815301076,1909f56bfc062723c751e8b465ee728b)
Start importing Assets/SkyCIty_Textures/House/Wooden Base_03 - Default_Normal.png using Guid(3b9eaeab3850d334496f55165d447f83) Importer(815301076,1909f56bfc062723c751e8b465ee728b)  -> (artifact id: '881090bfb70350ef42041cee79065eef') in 0.017541 seconds 
  Import took 0.025888 seconds .

========================================================================
Received Import Request.
  Time since last request: 13.624227 seconds.
  path: Assets/Materials
  artifactKey: Guid(94222400c52d8ef49a43d9520d156ce3) Importer(815301076,1909f56bfc062723c751e8b465ee728b)
Start importing Assets/Materials using Guid(94222400c52d8ef49a43d9520d156ce3) Importer(815301076,1909f56bfc062723c751e8b465ee728b)  -> (artifact id: 'f22819e076fdb734a74eaf849e9f2c3f') in 0.007056 seconds 
  Import took 0.014221 seconds .

========================================================================
Received Import Request.
  Time since last request: 123.925348 seconds.
  path: Assets/SkyCIty_Textures/Water/Water Shader.shadergraph
  artifactKey: Guid(248225dd2be3c9d48aec3b4befe6b28e) Importer(815301076,1909f56bfc062723c751e8b465ee728b)
Start importing Assets/SkyCIty_Textures/Water/Water Shader.shadergraph using Guid(248225dd2be3c9d48aec3b4befe6b28e) Importer(815301076,1909f56bfc062723c751e8b465ee728b)  -> (artifact id: '749c8035c03d90a109f87d093c56e47b') in 0.012925 seconds 
  Import took 0.021497 seconds .

========================================================================
Received Import Request.
  Time since last request: 18.989070 seconds.
  path: Assets/SkyCIty_Textures/Water/Water.mat
  artifactKey: Guid(01b5b1eb3c0ab344298745f0b1a45193) Importer(815301076,1909f56bfc062723c751e8b465ee728b)
Start importing Assets/SkyCIty_Textures/Water/Water.mat using Guid(01b5b1eb3c0ab344298745f0b1a45193) Importer(815301076,1909f56bfc062723c751e8b465ee728b)  -> (artifact id: '7055fdfec538699d8354d7684790f984') in 0.038553 seconds 
  Import took 0.046196 seconds .

========================================================================
Received Import Request.
  Time since last request: 1306.407933 seconds.
  path: Assets/SkyCIty_Textures/Water/Water Shader.shadergraph
  artifactKey: Guid(248225dd2be3c9d48aec3b4befe6b28e) Importer(815301076,1909f56bfc062723c751e8b465ee728b)
Start importing Assets/SkyCIty_Textures/Water/Water Shader.shadergraph using Guid(248225dd2be3c9d48aec3b4befe6b28e) Importer(815301076,1909f56bfc062723c751e8b465ee728b)  -> (artifact id: '0805731dee6a5bc299b27c41dea9dbaf') in 0.005834 seconds 
  Import took 0.013906 seconds .

========================================================================
Received Import Request.
  Time since last request: 563.471636 seconds.
  path: Assets/SkyCIty_Textures/Water/images.jfif
  artifactKey: Guid(73cc64860a3c3dd4f9ec2f980669d5b6) Importer(815301076,1909f56bfc062723c751e8b465ee728b)
Start importing Assets/SkyCIty_Textures/Water/images.jfif using Guid(73cc64860a3c3dd4f9ec2f980669d5b6) Importer(815301076,1909f56bfc062723c751e8b465ee728b)  -> (artifact id: 'b54effd45d10c472f78902609e7fa3eb') in 0.010056 seconds 
  Import took 0.017911 seconds .

========================================================================
Received Import Request.
  Time since last request: 32.052729 seconds.
  path: Assets/SkyCIty_Textures/Water/qlAkwIW.jpg
  artifactKey: Guid(0511dcb148c10da42bb49eb94004a673) Importer(815301076,1909f56bfc062723c751e8b465ee728b)
Start importing Assets/SkyCIty_Textures/Water/qlAkwIW.jpg using Guid(0511dcb148c10da42bb49eb94004a673) Importer(815301076,1909f56bfc062723c751e8b465ee728b)  -> (artifact id: 'dbd440304fffe79558bcaafe198fcc77') in 0.017756 seconds 
  Import took 0.024440 seconds .

========================================================================
Received Import Request.
  Time since last request: 29.295497 seconds.
  path: Assets/SkyCIty_Textures/Water/bb82af6b027c173c5b0c21cb7064401b.jpg
  artifactKey: Guid(3382bc786a9925940a6caec947c76263) Importer(815301076,1909f56bfc062723c751e8b465ee728b)
Start importing Assets/SkyCIty_Textures/Water/bb82af6b027c173c5b0c21cb7064401b.jpg using Guid(3382bc786a9925940a6caec947c76263) Importer(815301076,1909f56bfc062723c751e8b465ee728b)  -> (artifact id: '2f75b5caba2fbe1fdf3048c453bc54fc') in 0.013892 seconds 
  Import took 0.020713 seconds .

========================================================================
Received Prepare
Registering precompiled user dll's ...
Registered in 0.004521 seconds.
Begin MonoManager ReloadAssembly
Native extension for WindowsStandalone target not found
Refreshing native plugins compatible for Editor in 0.86 ms, found 2 plugins.
Preloading 0 native plugins for Editor in 0.00 ms.
Mono: successfully reloaded assembly
- Completed reload, in  1.694 seconds
Domain Reload Profiling:
	ReloadAssembly (1694ms)
		BeginReloadAssembly (305ms)
			ExecutionOrderSort (2ms)
			DisableScriptedObjects (76ms)
			BackupInstance (0ms)
			ReleaseScriptingObjects (0ms)
			CreateAndSetChildDomain (88ms)
		EndReloadAssembly (1323ms)
			LoadAssemblies (128ms)
			RebuildTransferFunctionScriptingTraits (0ms)
			SetupTypeCache (406ms)
			ReleaseScriptCaches (2ms)
			RebuildScriptCaches (75ms)
			SetupLoadedEditorAssemblies (432ms)
				LogAssemblyErrors (0ms)
				InitializePlatformSupportModulesInManaged (4ms)
				SetLoadedEditorAssemblies (0ms)
				RefreshPlugins (1ms)
				BeforeProcessingInitializeOnLoad (69ms)
				ProcessInitializeOnLoadAttributes (343ms)
				ProcessInitializeOnLoadMethodAttributes (11ms)
				AfterProcessingInitializeOnLoad (3ms)
				EditorAssembliesLoaded (0ms)
			ExecutionOrderSort2 (0ms)
			AwakeInstancesAfterBackupRestoration (12ms)
Platform modules already initialized, skipping
Refreshing native plugins compatible for Editor in 0.84 ms, found 2 plugins.
Preloading 0 native plugins for Editor in 0.00 ms.
Unloading 3810 Unused Serialized files (Serialized files now loaded: 0)
System memory in use before: 198.1 MB.
System memory in use after: 198.3 MB.

Unloading 13 unused Assets to reduce memory usage. Loaded Objects now: 4710.
Total: 4.318900 ms (FindLiveObjects: 0.474500 ms CreateObjectMapping: 0.104100 ms MarkObjects: 3.713900 ms  DeleteObjects: 0.024300 ms)

AssetImportParameters requested are different than current active one (requested -> active):
  custom:framework-win-MediaFoundation: 216162199b28c13a410421893ffa2e32 -> 
  custom:video-decoder-ogg-theora: a1e56fd34408186e4bbccfd4996cb3dc -> 
  custom:container-muxer-webm: aa71ff27fc2769a1b78a27578f13a17b -> 
  custom:container-demuxer-webm: 4f35f7cbe854078d1ac9338744f61a02 -> 
  custom:container-demuxer-ogg: 62fdf1f143b41e24485cea50d1cbac27 -> 
  custom:video-encoder-webm-vp8: eb34c28f22e8b96e1ab97ce403110664 -> 
  custom:video-decoder-webm-vp8: 9c59270c3fd7afecdb556c50c9e8de78 -> 
  custom:audio-decoder-ogg-vorbis: bf7c407c2cedff20999df2af8eb42d56 -> 
  custom:audio-encoder-webm-vorbis: bf7c407c2cedff20999df2af8eb42d56 -> 
========================================================================
Received Import Request.
  Time since last request: 68.841913 seconds.
  path: Assets/SkyCIty_Textures/Water/Water Shader.shadergraph
  artifactKey: Guid(248225dd2be3c9d48aec3b4befe6b28e) Importer(815301076,1909f56bfc062723c751e8b465ee728b)
Start importing Assets/SkyCIty_Textures/Water/Water Shader.shadergraph using Guid(248225dd2be3c9d48aec3b4befe6b28e) Importer(815301076,1909f56bfc062723c751e8b465ee728b)  -> (artifact id: '34421e02230104f9aa52a11ce8a38d03') in 0.022812 seconds 
  Import took 0.029226 seconds .

========================================================================
Received Import Request.
  Time since last request: 127.647942 seconds.
  path: Assets/SkyCIty_Textures/Water/Water Shader.shadergraph
  artifactKey: Guid(248225dd2be3c9d48aec3b4befe6b28e) Importer(815301076,1909f56bfc062723c751e8b465ee728b)
Start importing Assets/SkyCIty_Textures/Water/Water Shader.shadergraph using Guid(248225dd2be3c9d48aec3b4befe6b28e) Importer(815301076,1909f56bfc062723c751e8b465ee728b)  -> (artifact id: 'd42356a1df0bc8f2d40f7a547fbba44a') in 0.002979 seconds 
  Import took 0.009225 seconds .

========================================================================
Received Import Request.
  Time since last request: 54.886852 seconds.
  path: Assets/SkyCIty_Textures/Water/Water Shader.shadergraph
  artifactKey: Guid(248225dd2be3c9d48aec3b4befe6b28e) Importer(815301076,1909f56bfc062723c751e8b465ee728b)
Start importing Assets/SkyCIty_Textures/Water/Water Shader.shadergraph using Guid(248225dd2be3c9d48aec3b4befe6b28e) Importer(815301076,1909f56bfc062723c751e8b465ee728b)  -> (artifact id: 'ce598511b4e3e288b85c9e0c316c5623') in 0.003204 seconds 
  Import took 0.009620 seconds .

========================================================================
Received Import Request.
  Time since last request: 382.105990 seconds.
  path: Assets/SkyCIty_Textures/Water/Water Shader.shadergraph
  artifactKey: Guid(248225dd2be3c9d48aec3b4befe6b28e) Importer(815301076,1909f56bfc062723c751e8b465ee728b)
Start importing Assets/SkyCIty_Textures/Water/Water Shader.shadergraph using Guid(248225dd2be3c9d48aec3b4befe6b28e) Importer(815301076,1909f56bfc062723c751e8b465ee728b)  -> (artifact id: 'ef650f98410967e93441e89cbadff500') in 0.003243 seconds 
  Import took 0.009626 seconds .

========================================================================
Received Prepare
Registering precompiled user dll's ...
Registered in 0.004827 seconds.
Begin MonoManager ReloadAssembly
Native extension for WindowsStandalone target not found
Refreshing native plugins compatible for Editor in 0.84 ms, found 2 plugins.
Preloading 0 native plugins for Editor in 0.00 ms.
Mono: successfully reloaded assembly
- Completed reload, in  1.410 seconds
Domain Reload Profiling:
	ReloadAssembly (1410ms)
		BeginReloadAssembly (156ms)
			ExecutionOrderSort (0ms)
			DisableScriptedObjects (6ms)
			BackupInstance (0ms)
			ReleaseScriptingObjects (0ms)
			CreateAndSetChildDomain (47ms)
		EndReloadAssembly (1187ms)
			LoadAssemblies (121ms)
			RebuildTransferFunctionScriptingTraits (0ms)
			SetupTypeCache (404ms)
			ReleaseScriptCaches (2ms)
			RebuildScriptCaches (72ms)
			SetupLoadedEditorAssemblies (370ms)
				LogAssemblyErrors (0ms)
				InitializePlatformSupportModulesInManaged (4ms)
				SetLoadedEditorAssemblies (0ms)
				RefreshPlugins (1ms)
				BeforeProcessingInitializeOnLoad (63ms)
				ProcessInitializeOnLoadAttributes (291ms)
				ProcessInitializeOnLoadMethodAttributes (8ms)
				AfterProcessingInitializeOnLoad (3ms)
				EditorAssembliesLoaded (0ms)
			ExecutionOrderSort2 (0ms)
			AwakeInstancesAfterBackupRestoration (19ms)
Platform modules already initialized, skipping
Refreshing native plugins compatible for Editor in 0.82 ms, found 2 plugins.
Preloading 0 native plugins for Editor in 0.00 ms.
Unloading 3796 Unused Serialized files (Serialized files now loaded: 0)
System memory in use before: 197.1 MB.
System memory in use after: 197.4 MB.

Unloading 13 unused Assets to reduce memory usage. Loaded Objects now: 4712.
Total: 4.464700 ms (FindLiveObjects: 0.466200 ms CreateObjectMapping: 0.110000 ms MarkObjects: 3.864200 ms  DeleteObjects: 0.022700 ms)

AssetImportParameters requested are different than current active one (requested -> active):
  custom:framework-win-MediaFoundation: 216162199b28c13a410421893ffa2e32 -> 
  custom:video-decoder-ogg-theora: a1e56fd34408186e4bbccfd4996cb3dc -> 
  custom:container-muxer-webm: aa71ff27fc2769a1b78a27578f13a17b -> 
  custom:container-demuxer-webm: 4f35f7cbe854078d1ac9338744f61a02 -> 
  custom:container-demuxer-ogg: 62fdf1f143b41e24485cea50d1cbac27 -> 
  custom:video-encoder-webm-vp8: eb34c28f22e8b96e1ab97ce403110664 -> 
  custom:video-decoder-webm-vp8: 9c59270c3fd7afecdb556c50c9e8de78 -> 
  custom:audio-decoder-ogg-vorbis: bf7c407c2cedff20999df2af8eb42d56 -> 
  custom:audio-encoder-webm-vorbis: bf7c407c2cedff20999df2af8eb42d56 -> 
========================================================================
Received Import Request.
  Time since last request: 31.702427 seconds.
  path: Assets/SkyCIty_Textures/Water/Water Shader.shadergraph
  artifactKey: Guid(248225dd2be3c9d48aec3b4befe6b28e) Importer(815301076,1909f56bfc062723c751e8b465ee728b)
Start importing Assets/SkyCIty_Textures/Water/Water Shader.shadergraph using Guid(248225dd2be3c9d48aec3b4befe6b28e) Importer(815301076,1909f56bfc062723c751e8b465ee728b)  -> (artifact id: 'c2c3d3fa8639849bafa618a8639f60c9') in 0.014025 seconds 
  Import took 0.020221 seconds .

========================================================================
Received Prepare
Registering precompiled user dll's ...
Registered in 0.005247 seconds.
Begin MonoManager ReloadAssembly
Native extension for WindowsStandalone target not found
Refreshing native plugins compatible for Editor in 0.89 ms, found 2 plugins.
Preloading 0 native plugins for Editor in 0.00 ms.
Mono: successfully reloaded assembly
- Completed reload, in  1.555 seconds
Domain Reload Profiling:
	ReloadAssembly (1555ms)
		BeginReloadAssembly (170ms)
			ExecutionOrderSort (0ms)
			DisableScriptedObjects (5ms)
			BackupInstance (0ms)
			ReleaseScriptingObjects (0ms)
			CreateAndSetChildDomain (56ms)
		EndReloadAssembly (1315ms)
			LoadAssemblies (136ms)
			RebuildTransferFunctionScriptingTraits (0ms)
			SetupTypeCache (434ms)
			ReleaseScriptCaches (2ms)
			RebuildScriptCaches (74ms)
			SetupLoadedEditorAssemblies (418ms)
				LogAssemblyErrors (0ms)
				InitializePlatformSupportModulesInManaged (4ms)
				SetLoadedEditorAssemblies (0ms)
				RefreshPlugins (1ms)
				BeforeProcessingInitializeOnLoad (73ms)
				ProcessInitializeOnLoadAttributes (327ms)
				ProcessInitializeOnLoadMethodAttributes (9ms)
				AfterProcessingInitializeOnLoad (3ms)
				EditorAssembliesLoaded (0ms)
			ExecutionOrderSort2 (0ms)
			AwakeInstancesAfterBackupRestoration (22ms)
Platform modules already initialized, skipping
Refreshing native plugins compatible for Editor in 1.41 ms, found 2 plugins.
Preloading 0 native plugins for Editor in 0.00 ms.
Unloading 3796 Unused Serialized files (Serialized files now loaded: 0)
System memory in use before: 197.2 MB.
System memory in use after: 197.4 MB.

Unloading 13 unused Assets to reduce memory usage. Loaded Objects now: 4714.
Total: 6.988600 ms (FindLiveObjects: 0.709100 ms CreateObjectMapping: 0.181100 ms MarkObjects: 6.068300 ms  DeleteObjects: 0.028100 ms)

AssetImportParameters requested are different than current active one (requested -> active):
  custom:framework-win-MediaFoundation: 216162199b28c13a410421893ffa2e32 -> 
  custom:video-decoder-ogg-theora: a1e56fd34408186e4bbccfd4996cb3dc -> 
  custom:container-muxer-webm: aa71ff27fc2769a1b78a27578f13a17b -> 
  custom:container-demuxer-webm: 4f35f7cbe854078d1ac9338744f61a02 -> 
  custom:container-demuxer-ogg: 62fdf1f143b41e24485cea50d1cbac27 -> 
  custom:video-encoder-webm-vp8: eb34c28f22e8b96e1ab97ce403110664 -> 
  custom:video-decoder-webm-vp8: 9c59270c3fd7afecdb556c50c9e8de78 -> 
  custom:audio-decoder-ogg-vorbis: bf7c407c2cedff20999df2af8eb42d56 -> 
  custom:audio-encoder-webm-vorbis: bf7c407c2cedff20999df2af8eb42d56 -> 
========================================================================
Received Import Request.
  Time since last request: 54.252932 seconds.
  path: Assets/SkyCIty_Textures/Water/Water Shader.shadergraph
  artifactKey: Guid(248225dd2be3c9d48aec3b4befe6b28e) Importer(815301076,1909f56bfc062723c751e8b465ee728b)
Start importing Assets/SkyCIty_Textures/Water/Water Shader.shadergraph using Guid(248225dd2be3c9d48aec3b4befe6b28e) Importer(815301076,1909f56bfc062723c751e8b465ee728b)  -> (artifact id: 'c375d8079211cc655f80ce5421bdc2f6') in 0.019085 seconds 
  Import took 0.027637 seconds .

========================================================================
Received Prepare
Registering precompiled user dll's ...
Registered in 0.004574 seconds.
Begin MonoManager ReloadAssembly
Native extension for WindowsStandalone target not found
Refreshing native plugins compatible for Editor in 0.87 ms, found 2 plugins.
Preloading 0 native plugins for Editor in 0.00 ms.
Mono: successfully reloaded assembly
- Completed reload, in  1.424 seconds
Domain Reload Profiling:
	ReloadAssembly (1425ms)
		BeginReloadAssembly (146ms)
			ExecutionOrderSort (0ms)
			DisableScriptedObjects (6ms)
			BackupInstance (0ms)
			ReleaseScriptingObjects (0ms)
			CreateAndSetChildDomain (44ms)
		EndReloadAssembly (1216ms)
			LoadAssemblies (121ms)
			RebuildTransferFunctionScriptingTraits (0ms)
			SetupTypeCache (387ms)
			ReleaseScriptCaches (2ms)
			RebuildScriptCaches (74ms)
			SetupLoadedEditorAssemblies (396ms)
				LogAssemblyErrors (0ms)
				InitializePlatformSupportModulesInManaged (4ms)
				SetLoadedEditorAssemblies (0ms)
				RefreshPlugins (1ms)
				BeforeProcessingInitializeOnLoad (69ms)
				ProcessInitializeOnLoadAttributes (310ms)
				ProcessInitializeOnLoadMethodAttributes (8ms)
				AfterProcessingInitializeOnLoad (3ms)
				EditorAssembliesLoaded (0ms)
			ExecutionOrderSort2 (0ms)
			AwakeInstancesAfterBackupRestoration (19ms)
Platform modules already initialized, skipping
Refreshing native plugins compatible for Editor in 0.82 ms, found 2 plugins.
Preloading 0 native plugins for Editor in 0.00 ms.
Unloading 3796 Unused Serialized files (Serialized files now loaded: 0)
System memory in use before: 197.2 MB.
System memory in use after: 197.5 MB.

Unloading 13 unused Assets to reduce memory usage. Loaded Objects now: 4716.
Total: 5.395800 ms (FindLiveObjects: 0.429000 ms CreateObjectMapping: 0.104600 ms MarkObjects: 4.829200 ms  DeleteObjects: 0.030800 ms)

AssetImportParameters requested are different than current active one (requested -> active):
  custom:framework-win-MediaFoundation: 216162199b28c13a410421893ffa2e32 -> 
  custom:video-decoder-ogg-theora: a1e56fd34408186e4bbccfd4996cb3dc -> 
  custom:container-muxer-webm: aa71ff27fc2769a1b78a27578f13a17b -> 
  custom:container-demuxer-webm: 4f35f7cbe854078d1ac9338744f61a02 -> 
  custom:container-demuxer-ogg: 62fdf1f143b41e24485cea50d1cbac27 -> 
  custom:video-encoder-webm-vp8: eb34c28f22e8b96e1ab97ce403110664 -> 
  custom:video-decoder-webm-vp8: 9c59270c3fd7afecdb556c50c9e8de78 -> 
  custom:audio-decoder-ogg-vorbis: bf7c407c2cedff20999df2af8eb42d56 -> 
  custom:audio-encoder-webm-vorbis: bf7c407c2cedff20999df2af8eb42d56 -> 
========================================================================
Received Import Request.
  Time since last request: 53.081713 seconds.
  path: Assets/SkyCIty_Textures/Water/Water Shader.shadergraph
  artifactKey: Guid(248225dd2be3c9d48aec3b4befe6b28e) Importer(815301076,1909f56bfc062723c751e8b465ee728b)
Start importing Assets/SkyCIty_Textures/Water/Water Shader.shadergraph using Guid(248225dd2be3c9d48aec3b4befe6b28e) Importer(815301076,1909f56bfc062723c751e8b465ee728b)  -> (artifact id: '7ae7692056a2958fa5fbf414cda1ab61') in 0.014450 seconds 
  Import took 0.020868 seconds .

========================================================================
Received Prepare
Registering precompiled user dll's ...
Registered in 0.004067 seconds.
Begin MonoManager ReloadAssembly
Native extension for WindowsStandalone target not found
Refreshing native plugins compatible for Editor in 0.84 ms, found 2 plugins.
Preloading 0 native plugins for Editor in 0.00 ms.
Mono: successfully reloaded assembly
- Completed reload, in  1.505 seconds
Domain Reload Profiling:
	ReloadAssembly (1506ms)
		BeginReloadAssembly (146ms)
			ExecutionOrderSort (0ms)
			DisableScriptedObjects (6ms)
			BackupInstance (0ms)
			ReleaseScriptingObjects (0ms)
			CreateAndSetChildDomain (44ms)
		EndReloadAssembly (1294ms)
			LoadAssemblies (122ms)
			RebuildTransferFunctionScriptingTraits (0ms)
			SetupTypeCache (413ms)
			ReleaseScriptCaches (2ms)
			RebuildScriptCaches (88ms)
			SetupLoadedEditorAssemblies (423ms)
				LogAssemblyErrors (0ms)
				InitializePlatformSupportModulesInManaged (4ms)
				SetLoadedEditorAssemblies (0ms)
				RefreshPlugins (1ms)
				BeforeProcessingInitializeOnLoad (80ms)
				ProcessInitializeOnLoadAttributes (325ms)
				ProcessInitializeOnLoadMethodAttributes (9ms)
				AfterProcessingInitializeOnLoad (3ms)
				EditorAssembliesLoaded (0ms)
			ExecutionOrderSort2 (0ms)
			AwakeInstancesAfterBackupRestoration (22ms)
Platform modules already initialized, skipping
Refreshing native plugins compatible for Editor in 0.86 ms, found 2 plugins.
Preloading 0 native plugins for Editor in 0.00 ms.
Unloading 3796 Unused Serialized files (Serialized files now loaded: 0)
System memory in use before: 197.2 MB.
System memory in use after: 197.5 MB.

Unloading 13 unused Assets to reduce memory usage. Loaded Objects now: 4718.
Total: 4.639900 ms (FindLiveObjects: 0.444500 ms CreateObjectMapping: 0.101000 ms MarkObjects: 4.072500 ms  DeleteObjects: 0.020700 ms)

AssetImportParameters requested are different than current active one (requested -> active):
  custom:framework-win-MediaFoundation: 216162199b28c13a410421893ffa2e32 -> 
  custom:video-decoder-ogg-theora: a1e56fd34408186e4bbccfd4996cb3dc -> 
  custom:container-muxer-webm: aa71ff27fc2769a1b78a27578f13a17b -> 
  custom:container-demuxer-webm: 4f35f7cbe854078d1ac9338744f61a02 -> 
  custom:container-demuxer-ogg: 62fdf1f143b41e24485cea50d1cbac27 -> 
  custom:video-encoder-webm-vp8: eb34c28f22e8b96e1ab97ce403110664 -> 
  custom:video-decoder-webm-vp8: 9c59270c3fd7afecdb556c50c9e8de78 -> 
  custom:audio-decoder-ogg-vorbis: bf7c407c2cedff20999df2af8eb42d56 -> 
  custom:audio-encoder-webm-vorbis: bf7c407c2cedff20999df2af8eb42d56 -> 
========================================================================
Received Import Request.
  Time since last request: 38.470406 seconds.
  path: Assets/SkyCIty_Textures/Water/Water Shader.shadergraph
  artifactKey: Guid(248225dd2be3c9d48aec3b4befe6b28e) Importer(815301076,1909f56bfc062723c751e8b465ee728b)
Start importing Assets/SkyCIty_Textures/Water/Water Shader.shadergraph using Guid(248225dd2be3c9d48aec3b4befe6b28e) Importer(815301076,1909f56bfc062723c751e8b465ee728b)  -> (artifact id: 'f79533cbe9a0d4e053a4c46b630db853') in 0.015668 seconds 
  Import took 0.022063 seconds .

========================================================================
Received Prepare
Registering precompiled user dll's ...
Registered in 0.004770 seconds.
Begin MonoManager ReloadAssembly
Native extension for WindowsStandalone target not found
Refreshing native plugins compatible for Editor in 0.84 ms, found 2 plugins.
Preloading 0 native plugins for Editor in 0.00 ms.
Mono: successfully reloaded assembly
- Completed reload, in  1.392 seconds
Domain Reload Profiling:
	ReloadAssembly (1393ms)
		BeginReloadAssembly (163ms)
			ExecutionOrderSort (0ms)
			DisableScriptedObjects (8ms)
			BackupInstance (0ms)
			ReleaseScriptingObjects (0ms)
			CreateAndSetChildDomain (48ms)
		EndReloadAssembly (1168ms)
			LoadAssemblies (119ms)
			RebuildTransferFunctionScriptingTraits (0ms)
			SetupTypeCache (365ms)
			ReleaseScriptCaches (2ms)
			RebuildScriptCaches (71ms)
			SetupLoadedEditorAssemblies (380ms)
				LogAssemblyErrors (0ms)
				InitializePlatformSupportModulesInManaged (4ms)
				SetLoadedEditorAssemblies (0ms)
				RefreshPlugins (1ms)
				BeforeProcessingInitializeOnLoad (64ms)
				ProcessInitializeOnLoadAttributes (299ms)
				ProcessInitializeOnLoadMethodAttributes (8ms)
				AfterProcessingInitializeOnLoad (3ms)
				EditorAssembliesLoaded (0ms)
			ExecutionOrderSort2 (0ms)
			AwakeInstancesAfterBackupRestoration (19ms)
Platform modules already initialized, skipping
Refreshing native plugins compatible for Editor in 0.82 ms, found 2 plugins.
Preloading 0 native plugins for Editor in 0.00 ms.
Unloading 3796 Unused Serialized files (Serialized files now loaded: 0)
System memory in use before: 197.3 MB.
System memory in use after: 197.5 MB.

Unloading 13 unused Assets to reduce memory usage. Loaded Objects now: 4720.
Total: 5.065200 ms (FindLiveObjects: 0.488700 ms CreateObjectMapping: 0.103300 ms MarkObjects: 4.451600 ms  DeleteObjects: 0.020200 ms)

AssetImportParameters requested are different than current active one (requested -> active):
  custom:framework-win-MediaFoundation: 216162199b28c13a410421893ffa2e32 -> 
  custom:video-decoder-ogg-theora: a1e56fd34408186e4bbccfd4996cb3dc -> 
  custom:container-muxer-webm: aa71ff27fc2769a1b78a27578f13a17b -> 
  custom:container-demuxer-webm: 4f35f7cbe854078d1ac9338744f61a02 -> 
  custom:container-demuxer-ogg: 62fdf1f143b41e24485cea50d1cbac27 -> 
  custom:video-encoder-webm-vp8: eb34c28f22e8b96e1ab97ce403110664 -> 
  custom:video-decoder-webm-vp8: 9c59270c3fd7afecdb556c50c9e8de78 -> 
  custom:audio-decoder-ogg-vorbis: bf7c407c2cedff20999df2af8eb42d56 -> 
  custom:audio-encoder-webm-vorbis: bf7c407c2cedff20999df2af8eb42d56 -> 
========================================================================
Received Import Request.
  Time since last request: 371.602253 seconds.
  path: Assets/SkyCIty_Textures/Tree/Bush_Dark.png
  artifactKey: Guid(d8109f9d17d267a4da1e695fa32fd263) Importer(815301076,1909f56bfc062723c751e8b465ee728b)
Start importing Assets/SkyCIty_Textures/Tree/Bush_Dark.png using Guid(d8109f9d17d267a4da1e695fa32fd263) Importer(815301076,1909f56bfc062723c751e8b465ee728b)  -> (artifact id: '7450aab8e0befab3f1efdd8f134036de') in 0.039120 seconds 
  Import took 0.045753 seconds .

========================================================================
Received Import Request.
  Time since last request: 0.000269 seconds.
  path: Assets/SkyCIty_Textures/Tree/TexturesCom_Branches0031_1_S.png
  artifactKey: Guid(1e1f462fea862f74bbedaae3b3a546b8) Importer(815301076,1909f56bfc062723c751e8b465ee728b)
Start importing Assets/SkyCIty_Textures/Tree/TexturesCom_Branches0031_1_S.png using Guid(1e1f462fea862f74bbedaae3b3a546b8) Importer(815301076,1909f56bfc062723c751e8b465ee728b)  -> (artifact id: '5c9ae53057541050ef5a590c689c4976') in 0.027315 seconds 
  Import took 0.033160 seconds .

========================================================================
Received Import Request.
  Time since last request: 0.000243 seconds.
  path: Assets/SkyCIty_Textures/Tree/Tree_Albedo.png
  artifactKey: Guid(3ec189dd300d21b4b8fd6f27b1b797eb) Importer(815301076,1909f56bfc062723c751e8b465ee728b)
Start importing Assets/SkyCIty_Textures/Tree/Tree_Albedo.png using Guid(3ec189dd300d21b4b8fd6f27b1b797eb) Importer(815301076,1909f56bfc062723c751e8b465ee728b)  -> (artifact id: 'baa3655ecb888e106e0efe45f36e8dcf') in 0.027191 seconds 
  Import took 0.033059 seconds .

========================================================================
Received Import Request.
  Time since last request: 0.000217 seconds.
  path: Assets/SkyCIty_Textures/Tree/TexturesCom_Leaves0151_1_masked_S.png
  artifactKey: Guid(4690af26e2b62d147a08872bce1bfb94) Importer(815301076,1909f56bfc062723c751e8b465ee728b)
Start importing Assets/SkyCIty_Textures/Tree/TexturesCom_Leaves0151_1_masked_S.png using Guid(4690af26e2b62d147a08872bce1bfb94) Importer(815301076,1909f56bfc062723c751e8b465ee728b)  -> (artifact id: 'bfe782486aa9fa789b483a1f0259a2cf') in 0.025646 seconds 
  Import took 0.031427 seconds .

========================================================================
Received Import Request.
  Time since last request: 0.000246 seconds.
  path: Assets/SkyCIty_Textures/Tree/TexturesCom_LeavesTropical0258_1_masked_S.png
  artifactKey: Guid(79a4c515910af584b87e5760342784f7) Importer(815301076,1909f56bfc062723c751e8b465ee728b)
Start importing Assets/SkyCIty_Textures/Tree/TexturesCom_LeavesTropical0258_1_masked_S.png using Guid(79a4c515910af584b87e5760342784f7) Importer(815301076,1909f56bfc062723c751e8b465ee728b)  -> (artifact id: '2eae221f107c18097d6af9fcee6fa5a3') in 0.025991 seconds 
  Import took 0.031856 seconds .

========================================================================
Received Import Request.
  Time since last request: 0.000183 seconds.
  path: Assets/SkyCIty_Textures/Tree/TexturesCom_Leaves0155_1_masked_S.png
  artifactKey: Guid(156c73625109a9245904a94af96666ba) Importer(815301076,1909f56bfc062723c751e8b465ee728b)
Start importing Assets/SkyCIty_Textures/Tree/TexturesCom_Leaves0155_1_masked_S.png using Guid(156c73625109a9245904a94af96666ba) Importer(815301076,1909f56bfc062723c751e8b465ee728b)  -> (artifact id: '1588446b14aec8da7a89f58ea9ab3f02') in 0.013563 seconds 
  Import took 0.018993 seconds .

========================================================================
Received Import Request.
  Time since last request: 0.000241 seconds.
  path: Assets/SkyCIty_Textures/Tree/Tree_LP_DefaultMaterial_Normal.png
  artifactKey: Guid(f55e1ef8a30ae3c43819fb7d4907acd1) Importer(815301076,1909f56bfc062723c751e8b465ee728b)
Start importing Assets/SkyCIty_Textures/Tree/Tree_LP_DefaultMaterial_Normal.png using Guid(f55e1ef8a30ae3c43819fb7d4907acd1) Importer(815301076,1909f56bfc062723c751e8b465ee728b)  -> (artifact id: 'fb36434ca43b724143599eed6ede6c0a') in 0.122865 seconds 
  Import took 0.128181 seconds .

========================================================================
Received Import Request.
  Time since last request: 0.000207 seconds.
  path: Assets/SkyCIty_Textures/Tree/TexturesCom_Leaves0156_1_masked_S.png
  artifactKey: Guid(178734397e974f246bdf9e77c78e9eaa) Importer(815301076,1909f56bfc062723c751e8b465ee728b)
Start importing Assets/SkyCIty_Textures/Tree/TexturesCom_Leaves0156_1_masked_S.png using Guid(178734397e974f246bdf9e77c78e9eaa) Importer(815301076,1909f56bfc062723c751e8b465ee728b)  -> (artifact id: '65ed87eab83ab33a605bb65db07aa527') in 0.012844 seconds 
  Import took 0.018336 seconds .

========================================================================
Received Import Request.
  Time since last request: 0.000236 seconds.
  path: Assets/SkyCIty_Textures/Tree/Tree.png
  artifactKey: Guid(64666a943304b1f4cbaf5f01deb36016) Importer(815301076,1909f56bfc062723c751e8b465ee728b)
Start importing Assets/SkyCIty_Textures/Tree/Tree.png using Guid(64666a943304b1f4cbaf5f01deb36016) Importer(815301076,1909f56bfc062723c751e8b465ee728b)  -> (artifact id: '3af7d7f9f158148bead865f37c8725ac') in 0.013499 seconds 
  Import took 0.019037 seconds .

========================================================================
Received Import Request.
  Time since last request: 0.000229 seconds.
  path: Assets/SkyCIty_Textures/Tree/Large_G.png
  artifactKey: Guid(75fc8f0f510dc684fba28a17fb4281b5) Importer(815301076,1909f56bfc062723c751e8b465ee728b)
Start importing Assets/SkyCIty_Textures/Tree/Large_G.png using Guid(75fc8f0f510dc684fba28a17fb4281b5) Importer(815301076,1909f56bfc062723c751e8b465ee728b)  -> (artifact id: 'cc9e5bcf115b0980bbd3f5886d3154ee') in 0.018217 seconds 
  Import took 0.023513 seconds .

========================================================================
Received Import Request.
  Time since last request: 0.000239 seconds.
  path: Assets/SkyCIty_Textures/Tree/Large_Tree.png
  artifactKey: Guid(55084a08bb6c7744499d56115ccfb00f) Importer(815301076,1909f56bfc062723c751e8b465ee728b)
Start importing Assets/SkyCIty_Textures/Tree/Large_Tree.png using Guid(55084a08bb6c7744499d56115ccfb00f) Importer(815301076,1909f56bfc062723c751e8b465ee728b)  -> (artifact id: 'f8c008b6e1ff74c5d5f26cbb433749bd') in 0.023358 seconds 
  Import took 0.028924 seconds .

========================================================================
Received Import Request.
  Time since last request: 0.000237 seconds.
  path: Assets/SkyCIty_Textures/Tree/Bush_Light.png
  artifactKey: Guid(5981799da1083e04db1eb0ef13e0f950) Importer(815301076,1909f56bfc062723c751e8b465ee728b)
Start importing Assets/SkyCIty_Textures/Tree/Bush_Light.png using Guid(5981799da1083e04db1eb0ef13e0f950) Importer(815301076,1909f56bfc062723c751e8b465ee728b)  -> (artifact id: 'f71168ff46c83c710076b1dfac150aa4') in 0.019168 seconds 
  Import took 0.025089 seconds .

========================================================================
Received Import Request.
  Time since last request: 0.000220 seconds.
  path: Assets/SkyCIty_Textures/Tree/Long_G.png
  artifactKey: Guid(da8da5bf005f8914a929aa5b6f3149fd) Importer(815301076,1909f56bfc062723c751e8b465ee728b)
Start importing Assets/SkyCIty_Textures/Tree/Long_G.png using Guid(da8da5bf005f8914a929aa5b6f3149fd) Importer(815301076,1909f56bfc062723c751e8b465ee728b)  -> (artifact id: '5a6b5e5bf3e1ae05a8b428d205bda5ff') in 0.014961 seconds 
  Import took 0.021099 seconds .

========================================================================
Received Import Request.
  Time since last request: 0.000263 seconds.
  path: Assets/SkyCIty_Textures/Tree/Small_Light_G.png
  artifactKey: Guid(a15b9555e085df548b8c36057ef631de) Importer(815301076,1909f56bfc062723c751e8b465ee728b)
Start importing Assets/SkyCIty_Textures/Tree/Small_Light_G.png using Guid(a15b9555e085df548b8c36057ef631de) Importer(815301076,1909f56bfc062723c751e8b465ee728b)  -> (artifact id: '7a056c2a207ed99b0044b0b11fdd96ab') in 0.012365 seconds 
  Import took 0.018575 seconds .

========================================================================
Received Import Request.
  Time since last request: 0.000223 seconds.
  path: Assets/SkyCIty_Textures/Tree/Tree_LP_DefaultMaterial_MaskMap.png
  artifactKey: Guid(535fff180488e694bb5ffc16dc8663ea) Importer(815301076,1909f56bfc062723c751e8b465ee728b)
Start importing Assets/SkyCIty_Textures/Tree/Tree_LP_DefaultMaterial_MaskMap.png using Guid(535fff180488e694bb5ffc16dc8663ea) Importer(815301076,1909f56bfc062723c751e8b465ee728b)  -> (artifact id: '8406abb0786166a40184817237fc1244') in 0.017014 seconds 
  Import took 0.022894 seconds .

